# JRE version: Java(TM) SE Runtime Environment (8.0_25-b18) (build 1.8.0_25-b18)
# Java VM: Java HotSpot(TM) 64-Bit Server VM (25.25-b02 mixed mode windows-amd64 compressed oops)
Heap:
 PSYoungGen      total 99840K, used 93587K [0x00000000f5580000, 0x00000000fc780000, 0x0000000100000000)
  eden space 92672K, 93% used [0x00000000f5580000,0x00000000fa9e7250,0x00000000fb000000)
  from space 7168K, 99% used [0x00000000fc080000,0x00000000fc77dac0,0x00000000fc780000)
  to   space 9216K, 0% used [0x00000000fb580000,0x00000000fb580000,0x00000000fbe80000)
 ParOldGen       total 170496K, used 160575K [0x00000000e0000000, 0x00000000ea680000, 0x00000000f5580000)
  object space 170496K, 94% used [0x00000000e0000000,0x00000000e9ccff10,0x00000000ea680000)
 Metaspace       used 100377K, capacity 103914K, committed 103936K, reserved 1142784K
  class space    used 10001K, capacity 11001K, committed 11008K, reserved 1048576K
GC Heap History (10 events):
Event: 7143.160 GC heap before
{Heap before GC invocations=182 (full 4):
 PSYoungGen      total 115712K, used 115343K [0x00000000f5580000, 0x00000000fd180000, 0x0000000100000000)
  eden space 107520K, 100% used [0x00000000f5580000,0x00000000fbe80000,0x00000000fbe80000)
  from space 8192K, 95% used [0x00000000fc200000,0x00000000fc9a3cc0,0x00000000fca00000)
  to   space 7680K, 0% used [0x00000000fca00000,0x00000000fca00000,0x00000000fd180000)
 ParOldGen       total 170496K, used 157191K [0x00000000e0000000, 0x00000000ea680000, 0x00000000f5580000)
  object space 170496K, 92% used [0x00000000e0000000,0x00000000e9981c58,0x00000000ea680000)
 Metaspace       used 98805K, capacity 102020K, committed 102272K, reserved 1140736K
  class space    used 9844K, capacity 10780K, committed 10880K, reserved 1048576K
Event: 7143.171 GC heap after
Heap after GC invocations=182 (full 4):
 PSYoungGen      total 111616K, used 6668K [0x00000000f5580000, 0x00000000fd100000, 0x0000000100000000)
  eden space 104448K, 0% used [0x00000000f5580000,0x00000000f5580000,0x00000000fbb80000)
  from space 7168K, 93% used [0x00000000fca00000,0x00000000fd0830e8,0x00000000fd100000)
  to   space 9216K, 0% used [0x00000000fbf00000,0x00000000fbf00000,0x00000000fc800000)
 ParOldGen       total 170496K, used 157567K [0x00000000e0000000, 0x00000000ea680000, 0x00000000f5580000)
  object space 170496K, 92% used [0x00000000e0000000,0x00000000e99dfc98,0x00000000ea680000)
 Metaspace       used 98805K, capacity 102020K, committed 102272K, reserved 1140736K
  class space    used 9844K, capacity 10780K, committed 10880K, reserved 1048576K
}
Event: 7374.409 GC heap before
{Heap before GC invocations=183 (full 4):
 PSYoungGen      total 111616K, used 111116K [0x00000000f5580000, 0x00000000fd100000, 0x0000000100000000)
  eden space 104448K, 100% used [0x00000000f5580000,0x00000000fbb80000,0x00000000fbb80000)
  from space 7168K, 93% used [0x00000000fca00000,0x00000000fd0830e8,0x00000000fd100000)
  to   space 9216K, 0% used [0x00000000fbf00000,0x00000000fbf00000,0x00000000fc800000)
 ParOldGen       total 170496K, used 157567K [0x00000000e0000000, 0x00000000ea680000, 0x00000000f5580000)
  object space 170496K, 92% used [0x00000000e0000000,0x00000000e99dfc98,0x00000000ea680000)
 Metaspace       used 99050K, capacity 102218K, committed 102528K, reserved 1140736K
  class space    used 9857K, capacity 10782K, committed 10880K, reserved 1048576K
Event: 7374.430 GC heap after
Heap after GC invocations=183 (full 4):
 PSYoungGen      total 109568K, used 7829K [0x00000000f5580000, 0x00000000fca80000, 0x0000000100000000)
  eden space 101376K, 0% used [0x00000000f5580000,0x00000000f5580000,0x00000000fb880000)
  from space 8192K, 95% used [0x00000000fbf00000,0x00000000fc6a5680,0x00000000fc700000)
  to   space 3584K, 0% used [0x00000000fc700000,0x00000000fc700000,0x00000000fca80000)
 ParOldGen       total 170496K, used 157823K [0x00000000e0000000, 0x00000000ea680000, 0x00000000f5580000)
  object space 170496K, 92% used [0x00000000e0000000,0x00000000e9a1fcd8,0x00000000ea680000)
 Metaspace       used 99050K, capacity 102218K, committed 102528K, reserved 1140736K
  class space    used 9857K, capacity 10782K, committed 10880K, reserved 1048576K
}
Event: 7375.338 GC heap before
{Heap before GC invocations=184 (full 4):
 PSYoungGen      total 109568K, used 109205K [0x00000000f5580000, 0x00000000fca80000, 0x0000000100000000)
  eden space 101376K, 100% used [0x00000000f5580000,0x00000000fb880000,0x00000000fb880000)
  from space 8192K, 95% used [0x00000000fbf00000,0x00000000fc6a5680,0x00000000fc700000)
  to   space 3584K, 0% used [0x00000000fc700000,0x00000000fc700000,0x00000000fca80000)
 ParOldGen       total 170496K, used 157823K [0x00000000e0000000, 0x00000000ea680000, 0x00000000f5580000)
  object space 170496K, 92% used [0x00000000e0000000,0x00000000e9a1fcd8,0x00000000ea680000)
 Metaspace       used 99050K, capacity 102218K, committed 102528K, reserved 1140736K
  class space    used 9857K, capacity 10782K, committed 10880K, reserved 1048576K
Event: 7375.352 GC heap after
Heap after GC invocations=184 (full 4):
 PSYoungGen      total 101888K, used 3576K [0x00000000f5580000, 0x00000000fca80000, 0x0000000100000000)
  eden space 98304K, 0% used [0x00000000f5580000,0x00000000f5580000,0x00000000fb580000)
  from space 3584K, 99% used [0x00000000fc700000,0x00000000fca7e330,0x00000000fca80000)
  to   space 9216K, 0% used [0x00000000fb880000,0x00000000fb880000,0x00000000fc180000)
 ParOldGen       total 170496K, used 160543K [0x00000000e0000000, 0x00000000ea680000, 0x00000000f5580000)
  object space 170496K, 94% used [0x00000000e0000000,0x00000000e9cc7f10,0x00000000ea680000)
 Metaspace       used 99050K, capacity 102218K, committed 102528K, reserved 1140736K
  class space    used 9857K, capacity 10782K, committed 10880K, reserved 1048576K
}
Event: 7400.393 GC heap before
{Heap before GC invocations=185 (full 4):
 PSYoungGen      total 101888K, used 101880K [0x00000000f5580000, 0x00000000fca80000, 0x0000000100000000)
  eden space 98304K, 100% used [0x00000000f5580000,0x00000000fb580000,0x00000000fb580000)
  from space 3584K, 99% used [0x00000000fc700000,0x00000000fca7e330,0x00000000fca80000)
  to   space 9216K, 0% used [0x00000000fb880000,0x00000000fb880000,0x00000000fc180000)
 ParOldGen       total 170496K, used 160543K [0x00000000e0000000, 0x00000000ea680000, 0x00000000f5580000)
  object space 170496K, 94% used [0x00000000e0000000,0x00000000e9cc7f10,0x00000000ea680000)
 Metaspace       used 99366K, capacity 102538K, committed 102784K, reserved 1140736K
  class space    used 9874K, capacity 10782K, committed 10880K, reserved 1048576K
Event: 7400.424 GC heap after
Heap after GC invocations=185 (full 4):
 PSYoungGen      total 103424K, used 7907K [0x00000000f5580000, 0x00000000fc780000, 0x0000000100000000)
  eden space 95232K, 0% used [0x00000000f5580000,0x00000000f5580000,0x00000000fb280000)
  from space 8192K, 96% used [0x00000000fb880000,0x00000000fc038ff0,0x00000000fc080000)
  to   space 7168K, 0% used [0x00000000fc080000,0x00000000fc080000,0x00000000fc780000)
 ParOldGen       total 170496K, used 160559K [0x00000000e0000000, 0x00000000ea680000, 0x00000000f5580000)
  object space 170496K, 94% used [0x00000000e0000000,0x00000000e9ccbf10,0x00000000ea680000)
 Metaspace       used 99366K, capacity 102538K, committed 102784K, reserved 1140736K
  class space    used 9874K, capacity 10782K, committed 10880K, reserved 1048576K
}
Event: 7401.593 GC heap before
{Heap before GC invocations=186 (full 4):
 PSYoungGen      total 103424K, used 103139K [0x00000000f5580000, 0x00000000fc780000, 0x0000000100000000)
  eden space 95232K, 100% used [0x00000000f5580000,0x00000000fb280000,0x00000000fb280000)
  from space 8192K, 96% used [0x00000000fb880000,0x00000000fc038ff0,0x00000000fc080000)
  to   space 7168K, 0% used [0x00000000fc080000,0x00000000fc080000,0x00000000fc780000)
 ParOldGen       total 170496K, used 160559K [0x00000000e0000000, 0x00000000ea680000, 0x00000000f5580000)
  object space 170496K, 94% used [0x00000000e0000000,0x00000000e9ccbf10,0x00000000ea680000)
 Metaspace       used 99366K, capacity 102538K, committed 102784K, reserved 1140736K
  class space    used 9874K, capacity 10782K, committed 10880K, reserved 1048576K
Event: 7401.612 GC heap after
Heap after GC invocations=186 (full 4):
 PSYoungGen      total 99840K, used 7158K [0x00000000f5580000, 0x00000000fc780000, 0x0000000100000000)
  eden space 92672K, 0% used [0x00000000f5580000,0x00000000f5580000,0x00000000fb000000)
  from space 7168K, 99% used [0x00000000fc080000,0x00000000fc77dac0,0x00000000fc780000)
  to   space 9216K, 0% used [0x00000000fb580000,0x00000000fb580000,0x00000000fbe80000)
 ParOldGen       total 170496K, used 160575K [0x00000000e0000000, 0x00000000ea680000, 0x00000000f5580000)
  object space 170496K, 94% used [0x00000000e0000000,0x00000000e9ccff10,0x00000000ea680000)
 Metaspace       used 99366K, capacity 102538K, committed 102784K, reserved 1140736K
  class space    used 9874K, capacity 10782K, committed 10880K, reserved 1048576K
}

