# JRE version: Java(TM) SE Runtime Environment (8.0_25-b18) (build 1.8.0_25-b18)
# Java VM: Java HotSpot(TM) 64-Bit Server VM (25.25-b02 mixed mode windows-amd64 compressed oops)
Heap:
 PSYoungGen      total 153088K, used 137484K [0x00000000f5580000, 0x0000000100000000, 0x0000000100000000)
  eden space 132608K, 97% used [0x00000000f5580000,0x00000000fd41fc40,0x00000000fd700000)
  from space 20480K, 38% used [0x00000000fd700000,0x00000000fdea3480,0x00000000feb00000)
  to   space 20480K, 0% used [0x00000000fec00000,0x00000000fec00000,0x0000000100000000)
 ParOldGen       total 237568K, used 139537K [0x00000000e0000000, 0x00000000ee800000, 0x00000000f5580000)
  object space 237568K, 58% used [0x00000000e0000000,0x00000000e8844748,0x00000000ee800000)
 Metaspace       used 84532K, capacity 87592K, committed 87724K, reserved 1126400K
  class space    used 9186K, capacity 10051K, committed 10156K, reserved 1048576K
GC Heap History (10 events):
Event: 983.996 GC heap before
{Heap before GC invocations=107 (full 6):
 PSYoungGen      total 151552K, used 138602K [0x00000000f5580000, 0x00000000fff00000, 0x0000000100000000)
  eden space 129536K, 100% used [0x00000000f5580000,0x00000000fd400000,0x00000000fd400000)
  from space 22016K, 41% used [0x00000000fe980000,0x00000000ff25ab18,0x00000000fff00000)
  to   space 22016K, 0% used [0x00000000fd400000,0x00000000fd400000,0x00000000fe980000)
 ParOldGen       total 237568K, used 136042K [0x00000000e0000000, 0x00000000ee800000, 0x00000000f5580000)
  object space 237568K, 57% used [0x00000000e0000000,0x00000000e84da948,0x00000000ee800000)
 Metaspace       used 82263K, capacity 84958K, committed 85164K, reserved 1124352K
  class space    used 8967K, capacity 9773K, committed 9900K, reserved 1048576K
Event: 984.019 GC heap after
Heap after GC invocations=107 (full 6):
 PSYoungGen      total 151552K, used 10903K [0x00000000f5580000, 0x00000000fff00000, 0x0000000100000000)
  eden space 129536K, 0% used [0x00000000f5580000,0x00000000f5580000,0x00000000fd400000)
  from space 22016K, 49% used [0x00000000fd400000,0x00000000fdea5c08,0x00000000fe980000)
  to   space 21504K, 0% used [0x00000000fea00000,0x00000000fea00000,0x00000000fff00000)
 ParOldGen       total 237568K, used 137946K [0x00000000e0000000, 0x00000000ee800000, 0x00000000f5580000)
  object space 237568K, 58% used [0x00000000e0000000,0x00000000e86b69c8,0x00000000ee800000)
 Metaspace       used 82263K, capacity 84958K, committed 85164K, reserved 1124352K
  class space    used 8967K, capacity 9773K, committed 9900K, reserved 1048576K
}
Event: 1005.147 GC heap before
{Heap before GC invocations=108 (full 6):
 PSYoungGen      total 151552K, used 140439K [0x00000000f5580000, 0x00000000fff00000, 0x0000000100000000)
  eden space 129536K, 100% used [0x00000000f5580000,0x00000000fd400000,0x00000000fd400000)
  from space 22016K, 49% used [0x00000000fd400000,0x00000000fdea5c08,0x00000000fe980000)
  to   space 21504K, 0% used [0x00000000fea00000,0x00000000fea00000,0x00000000fff00000)
 ParOldGen       total 237568K, used 137946K [0x00000000e0000000, 0x00000000ee800000, 0x00000000f5580000)
  object space 237568K, 58% used [0x00000000e0000000,0x00000000e86b69c8,0x00000000ee800000)
 Metaspace       used 82565K, capacity 85342K, committed 85676K, reserved 1124352K
  class space    used 8982K, capacity 9773K, committed 9900K, reserved 1048576K
Event: 1005.300 GC heap after
Heap after GC invocations=108 (full 6):
 PSYoungGen      total 152064K, used 8671K [0x00000000f5580000, 0x00000000ffe80000, 0x0000000100000000)
  eden space 131072K, 0% used [0x00000000f5580000,0x00000000f5580000,0x00000000fd580000)
  from space 20992K, 41% used [0x00000000fea00000,0x00000000ff277c10,0x00000000ffe80000)
  to   space 20992K, 0% used [0x00000000fd580000,0x00000000fd580000,0x00000000fea00000)
 ParOldGen       total 237568K, used 138170K [0x00000000e0000000, 0x00000000ee800000, 0x00000000f5580000)
  object space 237568K, 58% used [0x00000000e0000000,0x00000000e86eea08,0x00000000ee800000)
 Metaspace       used 82565K, capacity 85342K, committed 85676K, reserved 1124352K
  class space    used 8982K, capacity 9773K, committed 9900K, reserved 1048576K
}
Event: 1006.911 GC heap before
{Heap before GC invocations=109 (full 6):
 PSYoungGen      total 152064K, used 139743K [0x00000000f5580000, 0x00000000ffe80000, 0x0000000100000000)
  eden space 131072K, 100% used [0x00000000f5580000,0x00000000fd580000,0x00000000fd580000)
  from space 20992K, 41% used [0x00000000fea00000,0x00000000ff277c10,0x00000000ffe80000)
  to   space 20992K, 0% used [0x00000000fd580000,0x00000000fd580000,0x00000000fea00000)
 ParOldGen       total 237568K, used 138170K [0x00000000e0000000, 0x00000000ee800000, 0x00000000f5580000)
  object space 237568K, 58% used [0x00000000e0000000,0x00000000e86eea08,0x00000000ee800000)
 Metaspace       used 82587K, capacity 85406K, committed 85676K, reserved 1124352K
  class space    used 8983K, capacity 9773K, committed 9900K, reserved 1048576K
Event: 1006.930 GC heap after
Heap after GC invocations=109 (full 6):
 PSYoungGen      total 152064K, used 9096K [0x00000000f5580000, 0x0000000100000000, 0x0000000100000000)
  eden space 131072K, 0% used [0x00000000f5580000,0x00000000f5580000,0x00000000fd580000)
  from space 20992K, 43% used [0x00000000fd580000,0x00000000fde622e0,0x00000000fea00000)
  to   space 20992K, 0% used [0x00000000feb80000,0x00000000feb80000,0x0000000100000000)
 ParOldGen       total 237568K, used 138961K [0x00000000e0000000, 0x00000000ee800000, 0x00000000f5580000)
  object space 237568K, 58% used [0x00000000e0000000,0x00000000e87b4708,0x00000000ee800000)
 Metaspace       used 82587K, capacity 85406K, committed 85676K, reserved 1124352K
  class space    used 8983K, capacity 9773K, committed 9900K, reserved 1048576K
}
Event: 1049.121 GC heap before
{Heap before GC invocations=110 (full 6):
 PSYoungGen      total 152064K, used 140168K [0x00000000f5580000, 0x0000000100000000, 0x0000000100000000)
  eden space 131072K, 100% used [0x00000000f5580000,0x00000000fd580000,0x00000000fd580000)
  from space 20992K, 43% used [0x00000000fd580000,0x00000000fde622e0,0x00000000fea00000)
  to   space 20992K, 0% used [0x00000000feb80000,0x00000000feb80000,0x0000000100000000)
 ParOldGen       total 237568K, used 138961K [0x00000000e0000000, 0x00000000ee800000, 0x00000000f5580000)
  object space 237568K, 58% used [0x00000000e0000000,0x00000000e87b4708,0x00000000ee800000)
 Metaspace       used 82956K, capacity 85648K, committed 85932K, reserved 1126400K
  class space    used 9004K, capacity 9809K, committed 9900K, reserved 1048576K
Event: 1049.196 GC heap after
Heap after GC invocations=110 (full 6):
 PSYoungGen      total 152576K, used 9661K [0x00000000f5580000, 0x00000000fff00000, 0x0000000100000000)
  eden space 132608K, 0% used [0x00000000f5580000,0x00000000f5580000,0x00000000fd700000)
  from space 19968K, 48% used [0x00000000feb80000,0x00000000ff4ef710,0x00000000fff00000)
  to   space 20480K, 0% used [0x00000000fd700000,0x00000000fd700000,0x00000000feb00000)
 ParOldGen       total 237568K, used 139225K [0x00000000e0000000, 0x00000000ee800000, 0x00000000f5580000)
  object space 237568K, 58% used [0x00000000e0000000,0x00000000e87f6748,0x00000000ee800000)
 Metaspace       used 82956K, capacity 85648K, committed 85932K, reserved 1126400K
  class space    used 9004K, capacity 9809K, committed 9900K, reserved 1048576K
}
Event: 1050.863 GC heap before
{Heap before GC invocations=111 (full 6):
 PSYoungGen      total 152576K, used 142269K [0x00000000f5580000, 0x00000000fff00000, 0x0000000100000000)
  eden space 132608K, 100% used [0x00000000f5580000,0x00000000fd700000,0x00000000fd700000)
  from space 19968K, 48% used [0x00000000feb80000,0x00000000ff4ef710,0x00000000fff00000)
  to   space 20480K, 0% used [0x00000000fd700000,0x00000000fd700000,0x00000000feb00000)
 ParOldGen       total 237568K, used 139225K [0x00000000e0000000, 0x00000000ee800000, 0x00000000f5580000)
  object space 237568K, 58% used [0x00000000e0000000,0x00000000e87f6748,0x00000000ee800000)
 Metaspace       used 83205K, capacity 85916K, committed 86188K, reserved 1126400K
  class space    used 9017K, capacity 9811K, committed 9900K, reserved 1048576K
Event: 1050.883 GC heap after
Heap after GC invocations=111 (full 6):
 PSYoungGen      total 153088K, used 7821K [0x00000000f5580000, 0x0000000100000000, 0x0000000100000000)
  eden space 132608K, 0% used [0x00000000f5580000,0x00000000f5580000,0x00000000fd700000)
  from space 20480K, 38% used [0x00000000fd700000,0x00000000fdea3480,0x00000000feb00000)
  to   space 20480K, 0% used [0x00000000fec00000,0x00000000fec00000,0x0000000100000000)
 ParOldGen       total 237568K, used 139537K [0x00000000e0000000, 0x00000000ee800000, 0x00000000f5580000)
  object space 237568K, 58% used [0x00000000e0000000,0x00000000e8844748,0x00000000ee800000)
 Metaspace       used 83205K, capacity 85916K, committed 86188K, reserved 1126400K
  class space    used 9017K, capacity 9811K, committed 9900K, reserved 1048576K
}

