# JRE version: Java(TM) SE Runtime Environment (8.0_25-b18) (build 1.8.0_25-b18)
# Java VM: Java HotSpot(TM) 64-Bit Server VM (25.25-b02 mixed mode windows-amd64 compressed oops)
Heap:
 PSYoungGen      total 101376K, used 55000K [0x00000000f5580000, 0x00000000fca80000, 0x0000000100000000)
  eden space 95232K, 51% used [0x00000000f5580000,0x00000000f8557bd0,0x00000000fb280000)
  from space 6144K, 97% used [0x00000000fb480000,0x00000000fba5e530,0x00000000fba80000)
  to   space 12288K, 0% used [0x00000000fbe80000,0x00000000fbe80000,0x00000000fca80000)
 ParOldGen       total 197120K, used 142677K [0x00000000e0000000, 0x00000000ec080000, 0x00000000f5580000)
  object space 197120K, 72% used [0x00000000e0000000,0x00000000e8b55700,0x00000000ec080000)
 Metaspace       used 89148K, capacity 92408K, committed 92504K, reserved 1132544K
  class space    used 9412K, capacity 10277K, committed 10328K, reserved 1048576K
GC Heap History (10 events):
Event: 1502.481 GC heap before
{Heap before GC invocations=128 (full 5):
 PSYoungGen      total 110592K, used 110499K [0x00000000f5580000, 0x00000000fd380000, 0x0000000100000000)
  eden space 101888K, 100% used [0x00000000f5580000,0x00000000fb900000,0x00000000fb900000)
  from space 8704K, 98% used [0x00000000fcb00000,0x00000000fd368cf8,0x00000000fd380000)
  to   space 12800K, 0% used [0x00000000fba80000,0x00000000fba80000,0x00000000fc700000)
 ParOldGen       total 197120K, used 140949K [0x00000000e0000000, 0x00000000ec080000, 0x00000000f5580000)
  object space 197120K, 71% used [0x00000000e0000000,0x00000000e89a5600,0x00000000ec080000)
 Metaspace       used 87730K, capacity 90614K, committed 90840K, reserved 1130496K
  class space    used 9274K, capacity 10129K, committed 10200K, reserved 1048576K
Event: 1502.494 GC heap after
Heap after GC invocations=128 (full 5):
 PSYoungGen      total 116224K, used 6427K [0x00000000f5580000, 0x00000000fd500000, 0x0000000100000000)
  eden space 103424K, 0% used [0x00000000f5580000,0x00000000f5580000,0x00000000fba80000)
  from space 12800K, 50% used [0x00000000fba80000,0x00000000fc0c6fc0,0x00000000fc700000)
  to   space 12800K, 0% used [0x00000000fc880000,0x00000000fc880000,0x00000000fd500000)
 ParOldGen       total 197120K, used 141453K [0x00000000e0000000, 0x00000000ec080000, 0x00000000f5580000)
  object space 197120K, 71% used [0x00000000e0000000,0x00000000e8a23680,0x00000000ec080000)
 Metaspace       used 87730K, capacity 90614K, committed 90840K, reserved 1130496K
  class space    used 9274K, capacity 10129K, committed 10200K, reserved 1048576K
}
Event: 1514.611 GC heap before
{Heap before GC invocations=129 (full 5):
 PSYoungGen      total 116224K, used 109851K [0x00000000f5580000, 0x00000000fd500000, 0x0000000100000000)
  eden space 103424K, 100% used [0x00000000f5580000,0x00000000fba80000,0x00000000fba80000)
  from space 12800K, 50% used [0x00000000fba80000,0x00000000fc0c6fc0,0x00000000fc700000)
  to   space 12800K, 0% used [0x00000000fc880000,0x00000000fc880000,0x00000000fd500000)
 ParOldGen       total 197120K, used 141453K [0x00000000e0000000, 0x00000000ec080000, 0x00000000f5580000)
  object space 197120K, 71% used [0x00000000e0000000,0x00000000e8a23680,0x00000000ec080000)
 Metaspace       used 87757K, capacity 90766K, committed 91096K, reserved 1130496K
  class space    used 9277K, capacity 10133K, committed 10200K, reserved 1048576K
Event: 1514.626 GC heap after
Heap after GC invocations=129 (full 5):
 PSYoungGen      total 110080K, used 8522K [0x00000000f5580000, 0x00000000fd100000, 0x0000000100000000)
  eden space 101376K, 0% used [0x00000000f5580000,0x00000000f5580000,0x00000000fb880000)
  from space 8704K, 97% used [0x00000000fc880000,0x00000000fd0d28b0,0x00000000fd100000)
  to   space 12288K, 0% used [0x00000000fb900000,0x00000000fb900000,0x00000000fc500000)
 ParOldGen       total 197120K, used 141629K [0x00000000e0000000, 0x00000000ec080000, 0x00000000f5580000)
  object space 197120K, 71% used [0x00000000e0000000,0x00000000e8a4f680,0x00000000ec080000)
 Metaspace       used 87757K, capacity 90766K, committed 91096K, reserved 1130496K
  class space    used 9277K, capacity 10133K, committed 10200K, reserved 1048576K
}
Event: 1515.963 GC heap before
{Heap before GC invocations=130 (full 5):
 PSYoungGen      total 110080K, used 109898K [0x00000000f5580000, 0x00000000fd100000, 0x0000000100000000)
  eden space 101376K, 100% used [0x00000000f5580000,0x00000000fb880000,0x00000000fb880000)
  from space 8704K, 97% used [0x00000000fc880000,0x00000000fd0d28b0,0x00000000fd100000)
  to   space 12288K, 0% used [0x00000000fb900000,0x00000000fb900000,0x00000000fc500000)
 ParOldGen       total 197120K, used 141629K [0x00000000e0000000, 0x00000000ec080000, 0x00000000f5580000)
  object space 197120K, 71% used [0x00000000e0000000,0x00000000e8a4f680,0x00000000ec080000)
 Metaspace       used 88004K, capacity 91022K, committed 91352K, reserved 1130496K
  class space    used 9289K, capacity 10133K, committed 10200K, reserved 1048576K
Event: 1515.974 GC heap after
Heap after GC invocations=130 (full 5):
 PSYoungGen      total 107008K, used 7253K [0x00000000f5580000, 0x00000000fce80000, 0x0000000100000000)
  eden space 99328K, 0% used [0x00000000f5580000,0x00000000f5580000,0x00000000fb680000)
  from space 7680K, 94% used [0x00000000fb900000,0x00000000fc015470,0x00000000fc080000)
  to   space 12288K, 0% used [0x00000000fc280000,0x00000000fc280000,0x00000000fce80000)
 ParOldGen       total 197120K, used 142013K [0x00000000e0000000, 0x00000000ec080000, 0x00000000f5580000)
  object space 197120K, 72% used [0x00000000e0000000,0x00000000e8aaf6c0,0x00000000ec080000)
 Metaspace       used 88004K, capacity 91022K, committed 91352K, reserved 1130496K
  class space    used 9289K, capacity 10133K, committed 10200K, reserved 1048576K
}
Event: 1566.116 GC heap before
{Heap before GC invocations=131 (full 5):
 PSYoungGen      total 107008K, used 106581K [0x00000000f5580000, 0x00000000fce80000, 0x0000000100000000)
  eden space 99328K, 100% used [0x00000000f5580000,0x00000000fb680000,0x00000000fb680000)
  from space 7680K, 94% used [0x00000000fb900000,0x00000000fc015470,0x00000000fc080000)
  to   space 12288K, 0% used [0x00000000fc280000,0x00000000fc280000,0x00000000fce80000)
 ParOldGen       total 197120K, used 142013K [0x00000000e0000000, 0x00000000ec080000, 0x00000000f5580000)
  object space 197120K, 72% used [0x00000000e0000000,0x00000000e8aaf6c0,0x00000000ec080000)
 Metaspace       used 88042K, capacity 91046K, committed 91352K, reserved 1130496K
  class space    used 9290K, capacity 10135K, committed 10200K, reserved 1048576K
Event: 1566.137 GC heap after
Heap after GC invocations=131 (full 5):
 PSYoungGen      total 106496K, used 7750K [0x00000000f5580000, 0x00000000fcb80000, 0x0000000100000000)
  eden space 97280K, 0% used [0x00000000f5580000,0x00000000f5580000,0x00000000fb480000)
  from space 9216K, 84% used [0x00000000fc280000,0x00000000fca11848,0x00000000fcb80000)
  to   space 11776K, 0% used [0x00000000fb480000,0x00000000fb480000,0x00000000fc000000)
 ParOldGen       total 197120K, used 142445K [0x00000000e0000000, 0x00000000ec080000, 0x00000000f5580000)
  object space 197120K, 72% used [0x00000000e0000000,0x00000000e8b1b700,0x00000000ec080000)
 Metaspace       used 88042K, capacity 91046K, committed 91352K, reserved 1130496K
  class space    used 9290K, capacity 10135K, committed 10200K, reserved 1048576K
}
Event: 1566.878 GC heap before
{Heap before GC invocations=132 (full 5):
 PSYoungGen      total 106496K, used 105030K [0x00000000f5580000, 0x00000000fcb80000, 0x0000000100000000)
  eden space 97280K, 100% used [0x00000000f5580000,0x00000000fb480000,0x00000000fb480000)
  from space 9216K, 84% used [0x00000000fc280000,0x00000000fca11848,0x00000000fcb80000)
  to   space 11776K, 0% used [0x00000000fb480000,0x00000000fb480000,0x00000000fc000000)
 ParOldGen       total 197120K, used 142445K [0x00000000e0000000, 0x00000000ec080000, 0x00000000f5580000)
  object space 197120K, 72% used [0x00000000e0000000,0x00000000e8b1b700,0x00000000ec080000)
 Metaspace       used 88275K, capacity 91270K, committed 91352K, reserved 1130496K
  class space    used 9303K, capacity 10167K, committed 10200K, reserved 1048576K
Event: 1566.888 GC heap after
Heap after GC invocations=132 (full 5):
 PSYoungGen      total 101376K, used 6009K [0x00000000f5580000, 0x00000000fca80000, 0x0000000100000000)
  eden space 95232K, 0% used [0x00000000f5580000,0x00000000f5580000,0x00000000fb280000)
  from space 6144K, 97% used [0x00000000fb480000,0x00000000fba5e530,0x00000000fba80000)
  to   space 12288K, 0% used [0x00000000fbe80000,0x00000000fbe80000,0x00000000fca80000)
 ParOldGen       total 197120K, used 142677K [0x00000000e0000000, 0x00000000ec080000, 0x00000000f5580000)
  object space 197120K, 72% used [0x00000000e0000000,0x00000000e8b55700,0x00000000ec080000)
 Metaspace       used 88275K, capacity 91270K, committed 91352K, reserved 1130496K
  class space    used 9303K, capacity 10167K, committed 10200K, reserved 1048576K
}

