# JRE version: Java(TM) SE Runtime Environment (8.0_25-b18) (build 1.8.0_25-b18)
# Java VM: Java HotSpot(TM) 64-Bit Server VM (25.25-b02 mixed mode windows-amd64 compressed oops)
Heap:
 PSYoungGen      total 104960K, used 21190K [0x00000000f5580000, 0x00000000fcd00000, 0x0000000100000000)
  eden space 96768K, 13% used [0x00000000f5580000,0x00000000f628eed0,0x00000000fb400000)
  from space 8192K, 95% used [0x00000000fc500000,0x00000000fcca2b98,0x00000000fcd00000)
  to   space 11776K, 0% used [0x00000000fb600000,0x00000000fb600000,0x00000000fc180000)
 ParOldGen       total 201728K, used 146531K [0x00000000e0000000, 0x00000000ec500000, 0x00000000f5580000)
  object space 201728K, 72% used [0x00000000e0000000,0x00000000e8f18e68,0x00000000ec500000)
 Metaspace       used 90670K, capacity 94078K, committed 94296K, reserved 1132544K
  class space    used 9553K, capacity 10482K, committed 10584K, reserved 1048576K
GC Heap History (10 events):
Event: 3157.417 GC heap before
{Heap before GC invocations=135 (full 5):
 PSYoungGen      total 117248K, used 114365K [0x00000000f5580000, 0x00000000fd880000, 0x0000000100000000)
  eden space 104448K, 100% used [0x00000000f5580000,0x00000000fbb80000,0x00000000fbb80000)
  from space 12800K, 77% used [0x00000000fbb80000,0x00000000fc52f7a8,0x00000000fc800000)
  to   space 12800K, 0% used [0x00000000fcc00000,0x00000000fcc00000,0x00000000fd880000)
 ParOldGen       total 201728K, used 145328K [0x00000000e0000000, 0x00000000ec500000, 0x00000000f5580000)
  object space 201728K, 72% used [0x00000000e0000000,0x00000000e8dec228,0x00000000ec500000)
 Metaspace       used 88926K, capacity 91976K, committed 92248K, reserved 1130496K
  class space    used 9380K, capacity 10233K, committed 10328K, reserved 1048576K
Event: 3157.435 GC heap after
Heap after GC invocations=135 (full 5):
 PSYoungGen      total 112128K, used 9477K [0x00000000f5580000, 0x00000000fd580000, 0x0000000100000000)
  eden space 102400K, 0% used [0x00000000f5580000,0x00000000f5580000,0x00000000fb980000)
  from space 9728K, 97% used [0x00000000fcc00000,0x00000000fd5416d8,0x00000000fd580000)
  to   space 12800K, 0% used [0x00000000fbc80000,0x00000000fbc80000,0x00000000fc900000)
 ParOldGen       total 201728K, used 145584K [0x00000000e0000000, 0x00000000ec500000, 0x00000000f5580000)
  object space 201728K, 72% used [0x00000000e0000000,0x00000000e8e2c268,0x00000000ec500000)
 Metaspace       used 88926K, capacity 91976K, committed 92248K, reserved 1130496K
  class space    used 9380K, capacity 10233K, committed 10328K, reserved 1048576K
}
Event: 3402.466 GC heap before
{Heap before GC invocations=136 (full 5):
 PSYoungGen      total 112128K, used 111877K [0x00000000f5580000, 0x00000000fd580000, 0x0000000100000000)
  eden space 102400K, 100% used [0x00000000f5580000,0x00000000fb980000,0x00000000fb980000)
  from space 9728K, 97% used [0x00000000fcc00000,0x00000000fd5416d8,0x00000000fd580000)
  to   space 12800K, 0% used [0x00000000fbc80000,0x00000000fbc80000,0x00000000fc900000)
 ParOldGen       total 201728K, used 145584K [0x00000000e0000000, 0x00000000ec500000, 0x00000000f5580000)
  object space 201728K, 72% used [0x00000000e0000000,0x00000000e8e2c268,0x00000000ec500000)
 Metaspace       used 88975K, capacity 91976K, committed 92248K, reserved 1130496K
  class space    used 9382K, capacity 10233K, committed 10328K, reserved 1048576K
Event: 3402.502 GC heap after
Heap after GC invocations=136 (full 5):
 PSYoungGen      total 110080K, used 9231K [0x00000000f5580000, 0x00000000fcf80000, 0x0000000100000000)
  eden space 100352K, 0% used [0x00000000f5580000,0x00000000f5580000,0x00000000fb780000)
  from space 9728K, 94% used [0x00000000fbc80000,0x00000000fc583f20,0x00000000fc600000)
  to   space 9728K, 0% used [0x00000000fc600000,0x00000000fc600000,0x00000000fcf80000)
 ParOldGen       total 201728K, used 146003K [0x00000000e0000000, 0x00000000ec500000, 0x00000000f5580000)
  object space 201728K, 72% used [0x00000000e0000000,0x00000000e8e94e18,0x00000000ec500000)
 Metaspace       used 88975K, capacity 91976K, committed 92248K, reserved 1130496K
  class space    used 9382K, capacity 10233K, committed 10328K, reserved 1048576K
}
Event: 3404.019 GC heap before
{Heap before GC invocations=137 (full 5):
 PSYoungGen      total 110080K, used 109583K [0x00000000f5580000, 0x00000000fcf80000, 0x0000000100000000)
  eden space 100352K, 100% used [0x00000000f5580000,0x00000000fb780000,0x00000000fb780000)
  from space 9728K, 94% used [0x00000000fbc80000,0x00000000fc583f20,0x00000000fc600000)
  to   space 9728K, 0% used [0x00000000fc600000,0x00000000fc600000,0x00000000fcf80000)
 ParOldGen       total 201728K, used 146003K [0x00000000e0000000, 0x00000000ec500000, 0x00000000f5580000)
  object space 201728K, 72% used [0x00000000e0000000,0x00000000e8e94e18,0x00000000ec500000)
 Metaspace       used 88975K, capacity 91976K, committed 92248K, reserved 1130496K
  class space    used 9382K, capacity 10233K, committed 10328K, reserved 1048576K
Event: 3404.037 GC heap after
Heap after GC invocations=137 (full 5):
 PSYoungGen      total 106496K, used 7811K [0x00000000f5580000, 0x00000000fce00000, 0x0000000100000000)
  eden space 98304K, 0% used [0x00000000f5580000,0x00000000f5580000,0x00000000fb580000)
  from space 8192K, 95% used [0x00000000fc600000,0x00000000fcda0de8,0x00000000fce00000)
  to   space 12288K, 0% used [0x00000000fb600000,0x00000000fb600000,0x00000000fc200000)
 ParOldGen       total 201728K, used 146019K [0x00000000e0000000, 0x00000000ec500000, 0x00000000f5580000)
  object space 201728K, 72% used [0x00000000e0000000,0x00000000e8e98e18,0x00000000ec500000)
 Metaspace       used 88975K, capacity 91976K, committed 92248K, reserved 1130496K
  class space    used 9382K, capacity 10233K, committed 10328K, reserved 1048576K
}
Event: 3404.681 GC heap before
{Heap before GC invocations=138 (full 5):
 PSYoungGen      total 106496K, used 106115K [0x00000000f5580000, 0x00000000fce00000, 0x0000000100000000)
  eden space 98304K, 100% used [0x00000000f5580000,0x00000000fb580000,0x00000000fb580000)
  from space 8192K, 95% used [0x00000000fc600000,0x00000000fcda0de8,0x00000000fce00000)
  to   space 12288K, 0% used [0x00000000fb600000,0x00000000fb600000,0x00000000fc200000)
 ParOldGen       total 201728K, used 146019K [0x00000000e0000000, 0x00000000ec500000, 0x00000000f5580000)
  object space 201728K, 72% used [0x00000000e0000000,0x00000000e8e98e18,0x00000000ec500000)
 Metaspace       used 88977K, capacity 91976K, committed 92248K, reserved 1130496K
  class space    used 9382K, capacity 10233K, committed 10328K, reserved 1048576K
Event: 3404.696 GC heap after
Heap after GC invocations=138 (full 5):
 PSYoungGen      total 111104K, used 8748K [0x00000000f5580000, 0x00000000fd080000, 0x0000000100000000)
  eden space 98816K, 0% used [0x00000000f5580000,0x00000000f5580000,0x00000000fb600000)
  from space 12288K, 71% used [0x00000000fb600000,0x00000000fbe8b200,0x00000000fc200000)
  to   space 11776K, 0% used [0x00000000fc500000,0x00000000fc500000,0x00000000fd080000)
 ParOldGen       total 201728K, used 146459K [0x00000000e0000000, 0x00000000ec500000, 0x00000000f5580000)
  object space 201728K, 72% used [0x00000000e0000000,0x00000000e8f06e68,0x00000000ec500000)
 Metaspace       used 88977K, capacity 91976K, committed 92248K, reserved 1130496K
  class space    used 9382K, capacity 10233K, committed 10328K, reserved 1048576K
}
Event: 4423.979 GC heap before
{Heap before GC invocations=139 (full 5):
 PSYoungGen      total 111104K, used 107564K [0x00000000f5580000, 0x00000000fd080000, 0x0000000100000000)
  eden space 98816K, 100% used [0x00000000f5580000,0x00000000fb600000,0x00000000fb600000)
  from space 12288K, 71% used [0x00000000fb600000,0x00000000fbe8b200,0x00000000fc200000)
  to   space 11776K, 0% used [0x00000000fc500000,0x00000000fc500000,0x00000000fd080000)
 ParOldGen       total 201728K, used 146459K [0x00000000e0000000, 0x00000000ec500000, 0x00000000f5580000)
  object space 201728K, 72% used [0x00000000e0000000,0x00000000e8f06e68,0x00000000ec500000)
 Metaspace       used 90141K, capacity 93234K, committed 93400K, reserved 1132544K
  class space    used 9486K, capacity 10336K, committed 10456K, reserved 1048576K
Event: 4423.992 GC heap after
Heap after GC invocations=139 (full 5):
 PSYoungGen      total 104960K, used 7818K [0x00000000f5580000, 0x00000000fcd00000, 0x0000000100000000)
  eden space 96768K, 0% used [0x00000000f5580000,0x00000000f5580000,0x00000000fb400000)
  from space 8192K, 95% used [0x00000000fc500000,0x00000000fcca2b98,0x00000000fcd00000)
  to   space 11776K, 0% used [0x00000000fb600000,0x00000000fb600000,0x00000000fc180000)
 ParOldGen       total 201728K, used 146531K [0x00000000e0000000, 0x00000000ec500000, 0x00000000f5580000)
  object space 201728K, 72% used [0x00000000e0000000,0x00000000e8f18e68,0x00000000ec500000)
 Metaspace       used 90141K, capacity 93234K, committed 93400K, reserved 1132544K
  class space    used 9486K, capacity 10336K, committed 10456K, reserved 1048576K
}

