# JRE version: Java(TM) SE Runtime Environment (8.0_25-b18) (build 1.8.0_25-b18)
# Java VM: Java HotSpot(TM) 64-Bit Server VM (25.25-b02 mixed mode windows-amd64 compressed oops)
Heap:
 PSYoungGen      total 141824K, used 56644K [0x00000000f5580000, 0x0000000100000000, 0x0000000100000000)
  eden space 111104K, 31% used [0x00000000f5580000,0x00000000f7824a08,0x00000000fc200000)
  from space 30720K, 68% used [0x00000000fe200000,0x00000000ff6ac9e8,0x0000000100000000)
  to   space 31744K, 0% used [0x00000000fc200000,0x00000000fc200000,0x00000000fe100000)
 ParOldGen       total 179200K, used 116995K [0x00000000e0000000, 0x00000000eaf00000, 0x00000000f5580000)
  object space 179200K, 65% used [0x00000000e0000000,0x00000000e7240fb8,0x00000000eaf00000)
 Metaspace       used 79052K, capacity 81870K, committed 81920K, reserved 1122304K
  class space    used 8892K, capacity 9726K, committed 9728K, reserved 1048576K
GC Heap History (10 events):
Event: 106.879 GC heap before
{Heap before GC invocations=78 (full 4):
 PSYoungGen      total 137216K, used 119829K [0x00000000f5580000, 0x00000000ffe80000, 0x0000000100000000)
  eden space 106496K, 100% used [0x00000000f5580000,0x00000000fbd80000,0x00000000fbd80000)
  from space 30720K, 43% used [0x00000000fbd80000,0x00000000fca85778,0x00000000fdb80000)
  to   space 29696K, 0% used [0x00000000fe180000,0x00000000fe180000,0x00000000ffe80000)
 ParOldGen       total 179200K, used 116059K [0x00000000e0000000, 0x00000000eaf00000, 0x00000000f5580000)
  object space 179200K, 64% used [0x00000000e0000000,0x00000000e7156eb8,0x00000000eaf00000)
 Metaspace       used 76218K, capacity 78448K, committed 78720K, reserved 1118208K
  class space    used 8576K, capacity 9244K, committed 9344K, reserved 1048576K
Event: 106.909 GC heap after
Heap after GC invocations=78 (full 4):
 PSYoungGen      total 142336K, used 15437K [0x00000000f5580000, 0x00000000ffd80000, 0x0000000100000000)
  eden space 113664K, 0% used [0x00000000f5580000,0x00000000f5580000,0x00000000fc480000)
  from space 28672K, 53% used [0x00000000fe180000,0x00000000ff0934d8,0x00000000ffd80000)
  to   space 29184K, 0% used [0x00000000fc480000,0x00000000fc480000,0x00000000fe100000)
 ParOldGen       total 179200K, used 116075K [0x00000000e0000000, 0x00000000eaf00000, 0x00000000f5580000)
  object space 179200K, 64% used [0x00000000e0000000,0x00000000e715aeb8,0x00000000eaf00000)
 Metaspace       used 76218K, capacity 78448K, committed 78720K, reserved 1118208K
  class space    used 8576K, capacity 9244K, committed 9344K, reserved 1048576K
}
Event: 236.169 GC heap before
{Heap before GC invocations=79 (full 4):
 PSYoungGen      total 142336K, used 129101K [0x00000000f5580000, 0x00000000ffd80000, 0x0000000100000000)
  eden space 113664K, 100% used [0x00000000f5580000,0x00000000fc480000,0x00000000fc480000)
  from space 28672K, 53% used [0x00000000fe180000,0x00000000ff0934d8,0x00000000ffd80000)
  to   space 29184K, 0% used [0x00000000fc480000,0x00000000fc480000,0x00000000fe100000)
 ParOldGen       total 179200K, used 116075K [0x00000000e0000000, 0x00000000eaf00000, 0x00000000f5580000)
  object space 179200K, 64% used [0x00000000e0000000,0x00000000e715aeb8,0x00000000eaf00000)
 Metaspace       used 77051K, capacity 79318K, committed 79616K, reserved 1120256K
  class space    used 8679K, capacity 9373K, committed 9472K, reserved 1048576K
Event: 236.244 GC heap after
Heap after GC invocations=79 (full 4):
 PSYoungGen      total 142848K, used 19551K [0x00000000f5580000, 0x0000000100000000, 0x0000000100000000)
  eden space 113664K, 0% used [0x00000000f5580000,0x00000000f5580000,0x00000000fc480000)
  from space 29184K, 66% used [0x00000000fc480000,0x00000000fd797fe0,0x00000000fe100000)
  to   space 30208K, 0% used [0x00000000fe280000,0x00000000fe280000,0x0000000100000000)
 ParOldGen       total 179200K, used 116475K [0x00000000e0000000, 0x00000000eaf00000, 0x00000000f5580000)
  object space 179200K, 64% used [0x00000000e0000000,0x00000000e71befa8,0x00000000eaf00000)
 Metaspace       used 77051K, capacity 79318K, committed 79616K, reserved 1120256K
  class space    used 8679K, capacity 9373K, committed 9472K, reserved 1048576K
}
Event: 282.535 GC heap before
{Heap before GC invocations=80 (full 4):
 PSYoungGen      total 142848K, used 133215K [0x00000000f5580000, 0x0000000100000000, 0x0000000100000000)
  eden space 113664K, 100% used [0x00000000f5580000,0x00000000fc480000,0x00000000fc480000)
  from space 29184K, 66% used [0x00000000fc480000,0x00000000fd797fe0,0x00000000fe100000)
  to   space 30208K, 0% used [0x00000000fe280000,0x00000000fe280000,0x0000000100000000)
 ParOldGen       total 179200K, used 116475K [0x00000000e0000000, 0x00000000eaf00000, 0x00000000f5580000)
  object space 179200K, 64% used [0x00000000e0000000,0x00000000e71befa8,0x00000000eaf00000)
 Metaspace       used 77548K, capacity 79940K, committed 80128K, reserved 1120256K
  class space    used 8738K, capacity 9459K, committed 9472K, reserved 1048576K
Event: 282.572 GC heap after
Heap after GC invocations=80 (full 4):
 PSYoungGen      total 143360K, used 19275K [0x00000000f5580000, 0x0000000100000000, 0x0000000100000000)
  eden space 113152K, 0% used [0x00000000f5580000,0x00000000f5580000,0x00000000fc400000)
  from space 30208K, 63% used [0x00000000fe280000,0x00000000ff552c20,0x0000000100000000)
  to   space 30720K, 0% used [0x00000000fc400000,0x00000000fc400000,0x00000000fe200000)
 ParOldGen       total 179200K, used 116987K [0x00000000e0000000, 0x00000000eaf00000, 0x00000000f5580000)
  object space 179200K, 65% used [0x00000000e0000000,0x00000000e723efb8,0x00000000eaf00000)
 Metaspace       used 77548K, capacity 79940K, committed 80128K, reserved 1120256K
  class space    used 8738K, capacity 9459K, committed 9472K, reserved 1048576K
}
Event: 284.671 GC heap before
{Heap before GC invocations=81 (full 4):
 PSYoungGen      total 143360K, used 132427K [0x00000000f5580000, 0x0000000100000000, 0x0000000100000000)
  eden space 113152K, 100% used [0x00000000f5580000,0x00000000fc400000,0x00000000fc400000)
  from space 30208K, 63% used [0x00000000fe280000,0x00000000ff552c20,0x0000000100000000)
  to   space 30720K, 0% used [0x00000000fc400000,0x00000000fc400000,0x00000000fe200000)
 ParOldGen       total 179200K, used 116987K [0x00000000e0000000, 0x00000000eaf00000, 0x00000000f5580000)
  object space 179200K, 65% used [0x00000000e0000000,0x00000000e723efb8,0x00000000eaf00000)
 Metaspace       used 77657K, capacity 80068K, committed 80128K, reserved 1120256K
  class space    used 8741K, capacity 9459K, committed 9472K, reserved 1048576K
Event: 284.715 GC heap after
Heap after GC invocations=81 (full 4):
 PSYoungGen      total 143872K, used 19055K [0x00000000f5580000, 0x0000000100000000, 0x0000000100000000)
  eden space 113152K, 0% used [0x00000000f5580000,0x00000000f5580000,0x00000000fc400000)
  from space 30720K, 62% used [0x00000000fc400000,0x00000000fd69bf10,0x00000000fe200000)
  to   space 30720K, 0% used [0x00000000fe200000,0x00000000fe200000,0x0000000100000000)
 ParOldGen       total 179200K, used 116987K [0x00000000e0000000, 0x00000000eaf00000, 0x00000000f5580000)
  object space 179200K, 65% used [0x00000000e0000000,0x00000000e723efb8,0x00000000eaf00000)
 Metaspace       used 77657K, capacity 80068K, committed 80128K, reserved 1120256K
  class space    used 8741K, capacity 9459K, committed 9472K, reserved 1048576K
}
Event: 291.072 GC heap before
{Heap before GC invocations=82 (full 4):
 PSYoungGen      total 143872K, used 132207K [0x00000000f5580000, 0x0000000100000000, 0x0000000100000000)
  eden space 113152K, 100% used [0x00000000f5580000,0x00000000fc400000,0x00000000fc400000)
  from space 30720K, 62% used [0x00000000fc400000,0x00000000fd69bf10,0x00000000fe200000)
  to   space 30720K, 0% used [0x00000000fe200000,0x00000000fe200000,0x0000000100000000)
 ParOldGen       total 179200K, used 116987K [0x00000000e0000000, 0x00000000eaf00000, 0x00000000f5580000)
  object space 179200K, 65% used [0x00000000e0000000,0x00000000e723efb8,0x00000000eaf00000)
 Metaspace       used 78248K, capacity 80726K, committed 80768K, reserved 1120256K
  class space    used 8778K, capacity 9567K, committed 9600K, reserved 1048576K
Event: 291.105 GC heap after
Heap after GC invocations=82 (full 4):
 PSYoungGen      total 141824K, used 21170K [0x00000000f5580000, 0x0000000100000000, 0x0000000100000000)
  eden space 111104K, 0% used [0x00000000f5580000,0x00000000f5580000,0x00000000fc200000)
  from space 30720K, 68% used [0x00000000fe200000,0x00000000ff6ac9e8,0x0000000100000000)
  to   space 31744K, 0% used [0x00000000fc200000,0x00000000fc200000,0x00000000fe100000)
 ParOldGen       total 179200K, used 116995K [0x00000000e0000000, 0x00000000eaf00000, 0x00000000f5580000)
  object space 179200K, 65% used [0x00000000e0000000,0x00000000e7240fb8,0x00000000eaf00000)
 Metaspace       used 78248K, capacity 80726K, committed 80768K, reserved 1120256K
  class space    used 8778K, capacity 9567K, committed 9600K, reserved 1048576K
}

