# JRE version: Java(TM) SE Runtime Environment (8.0_25-b18) (build 1.8.0_25-b18)
# Java VM: Java HotSpot(TM) 64-Bit Server VM (25.25-b02 mixed mode windows-amd64 compressed oops)
Heap:
 PSYoungGen      total 138752K, used 76445K [0x00000000f5580000, 0x0000000100000000, 0x0000000100000000)
  eden space 107520K, 53% used [0x00000000f5580000,0x00000000f8e17788,0x00000000fbe80000)
  from space 31232K, 59% used [0x00000000fbe80000,0x00000000fd08fd48,0x00000000fdd00000)
  to   space 31232K, 0% used [0x00000000fe180000,0x00000000fe180000,0x0000000100000000)
 ParOldGen       total 210944K, used 137831K [0x00000000e0000000, 0x00000000ece00000, 0x00000000f5580000)
  object space 210944K, 65% used [0x00000000e0000000,0x00000000e8699e10,0x00000000ece00000)
 Metaspace       used 78864K, capacity 81466K, committed 81624K, reserved 1122304K
  class space    used 8831K, capacity 9607K, committed 9728K, reserved 1048576K
GC Heap History (10 events):
Event: 103.053 GC heap before
{Heap before GC invocations=53 (full 4):
 PSYoungGen      total 135168K, used 106898K [0x00000000f5580000, 0x00000000ffe00000, 0x0000000100000000)
  eden space 98816K, 100% used [0x00000000f5580000,0x00000000fb600000,0x00000000fb600000)
  from space 36352K, 22% used [0x00000000fda80000,0x00000000fe2648d0,0x00000000ffe00000)
  to   space 36864K, 0% used [0x00000000fb600000,0x00000000fb600000,0x00000000fda00000)
 ParOldGen       total 210944K, used 137807K [0x00000000e0000000, 0x00000000ece00000, 0x00000000f5580000)
  object space 210944K, 65% used [0x00000000e0000000,0x00000000e8693e10,0x00000000ece00000)
 Metaspace       used 74904K, capacity 77034K, committed 77144K, reserved 1118208K
  class space    used 8360K, capacity 9031K, committed 9088K, reserved 1048576K
Event: 103.076 GC heap after
Heap after GC invocations=53 (full 4):
 PSYoungGen      total 135680K, used 11646K [0x00000000f5580000, 0x00000000ffd80000, 0x0000000100000000)
  eden space 98816K, 0% used [0x00000000f5580000,0x00000000f5580000,0x00000000fb600000)
  from space 36864K, 31% used [0x00000000fb600000,0x00000000fc15f9a0,0x00000000fda00000)
  to   space 35328K, 0% used [0x00000000fdb00000,0x00000000fdb00000,0x00000000ffd80000)
 ParOldGen       total 210944K, used 137815K [0x00000000e0000000, 0x00000000ece00000, 0x00000000f5580000)
  object space 210944K, 65% used [0x00000000e0000000,0x00000000e8695e10,0x00000000ece00000)
 Metaspace       used 74904K, capacity 77034K, committed 77144K, reserved 1118208K
  class space    used 8360K, capacity 9031K, committed 9088K, reserved 1048576K
}
Event: 113.017 GC heap before
{Heap before GC invocations=54 (full 4):
 PSYoungGen      total 135680K, used 110462K [0x00000000f5580000, 0x00000000ffd80000, 0x0000000100000000)
  eden space 98816K, 100% used [0x00000000f5580000,0x00000000fb600000,0x00000000fb600000)
  from space 36864K, 31% used [0x00000000fb600000,0x00000000fc15f9a0,0x00000000fda00000)
  to   space 35328K, 0% used [0x00000000fdb00000,0x00000000fdb00000,0x00000000ffd80000)
 ParOldGen       total 210944K, used 137815K [0x00000000e0000000, 0x00000000ece00000, 0x00000000f5580000)
  object space 210944K, 65% used [0x00000000e0000000,0x00000000e8695e10,0x00000000ece00000)
 Metaspace       used 75775K, capacity 78006K, committed 78296K, reserved 1118208K
  class space    used 8489K, capacity 9162K, committed 9216K, reserved 1048576K
Event: 113.043 GC heap after
Heap after GC invocations=54 (full 4):
 PSYoungGen      total 134656K, used 13557K [0x00000000f5580000, 0x00000000ffa80000, 0x0000000100000000)
  eden space 102400K, 0% used [0x00000000f5580000,0x00000000f5580000,0x00000000fb980000)
  from space 32256K, 42% used [0x00000000fdb00000,0x00000000fe83d558,0x00000000ffa80000)
  to   space 33280K, 0% used [0x00000000fb980000,0x00000000fb980000,0x00000000fda00000)
 ParOldGen       total 210944K, used 137823K [0x00000000e0000000, 0x00000000ece00000, 0x00000000f5580000)
  object space 210944K, 65% used [0x00000000e0000000,0x00000000e8697e10,0x00000000ece00000)
 Metaspace       used 75775K, capacity 78006K, committed 78296K, reserved 1118208K
  class space    used 8489K, capacity 9162K, committed 9216K, reserved 1048576K
}
Event: 207.937 GC heap before
{Heap before GC invocations=55 (full 4):
 PSYoungGen      total 134656K, used 115957K [0x00000000f5580000, 0x00000000ffa80000, 0x0000000100000000)
  eden space 102400K, 100% used [0x00000000f5580000,0x00000000fb980000,0x00000000fb980000)
  from space 32256K, 42% used [0x00000000fdb00000,0x00000000fe83d558,0x00000000ffa80000)
  to   space 33280K, 0% used [0x00000000fb980000,0x00000000fb980000,0x00000000fda00000)
 ParOldGen       total 210944K, used 137823K [0x00000000e0000000, 0x00000000ece00000, 0x00000000f5580000)
  object space 210944K, 65% used [0x00000000e0000000,0x00000000e8697e10,0x00000000ece00000)
 Metaspace       used 76551K, capacity 78806K, committed 78936K, reserved 1118208K
  class space    used 8599K, capacity 9299K, committed 9344K, reserved 1048576K
Event: 207.989 GC heap after
Heap after GC invocations=55 (full 4):
 PSYoungGen      total 135680K, used 16992K [0x00000000f5580000, 0x00000000ffe00000, 0x0000000100000000)
  eden space 102400K, 0% used [0x00000000f5580000,0x00000000f5580000,0x00000000fb980000)
  from space 33280K, 51% used [0x00000000fb980000,0x00000000fca180d0,0x00000000fda00000)
  to   space 32256K, 0% used [0x00000000fde80000,0x00000000fde80000,0x00000000ffe00000)
 ParOldGen       total 210944K, used 137831K [0x00000000e0000000, 0x00000000ece00000, 0x00000000f5580000)
  object space 210944K, 65% used [0x00000000e0000000,0x00000000e8699e10,0x00000000ece00000)
 Metaspace       used 76551K, capacity 78806K, committed 78936K, reserved 1118208K
  class space    used 8599K, capacity 9299K, committed 9344K, reserved 1048576K
}
Event: 210.199 GC heap before
{Heap before GC invocations=56 (full 4):
 PSYoungGen      total 135680K, used 119392K [0x00000000f5580000, 0x00000000ffe00000, 0x0000000100000000)
  eden space 102400K, 100% used [0x00000000f5580000,0x00000000fb980000,0x00000000fb980000)
  from space 33280K, 51% used [0x00000000fb980000,0x00000000fca180d0,0x00000000fda00000)
  to   space 32256K, 0% used [0x00000000fde80000,0x00000000fde80000,0x00000000ffe00000)
 ParOldGen       total 210944K, used 137831K [0x00000000e0000000, 0x00000000ece00000, 0x00000000f5580000)
  object space 210944K, 65% used [0x00000000e0000000,0x00000000e8699e10,0x00000000ece00000)
 Metaspace       used 77209K, capacity 79628K, committed 79832K, reserved 1120256K
  class space    used 8644K, capacity 9401K, committed 9472K, reserved 1048576K
Event: 210.224 GC heap after
Heap after GC invocations=56 (full 4):
 PSYoungGen      total 137216K, used 16554K [0x00000000f5580000, 0x00000000ffb80000, 0x0000000100000000)
  eden space 107520K, 0% used [0x00000000f5580000,0x00000000f5580000,0x00000000fbe80000)
  from space 29696K, 55% used [0x00000000fde80000,0x00000000feeaa948,0x00000000ffb80000)
  to   space 31232K, 0% used [0x00000000fbe80000,0x00000000fbe80000,0x00000000fdd00000)
 ParOldGen       total 210944K, used 137831K [0x00000000e0000000, 0x00000000ece00000, 0x00000000f5580000)
  object space 210944K, 65% used [0x00000000e0000000,0x00000000e8699e10,0x00000000ece00000)
 Metaspace       used 77209K, capacity 79628K, committed 79832K, reserved 1120256K
  class space    used 8644K, capacity 9401K, committed 9472K, reserved 1048576K
}
Event: 211.468 GC heap before
{Heap before GC invocations=57 (full 4):
 PSYoungGen      total 137216K, used 124074K [0x00000000f5580000, 0x00000000ffb80000, 0x0000000100000000)
  eden space 107520K, 100% used [0x00000000f5580000,0x00000000fbe80000,0x00000000fbe80000)
  from space 29696K, 55% used [0x00000000fde80000,0x00000000feeaa948,0x00000000ffb80000)
  to   space 31232K, 0% used [0x00000000fbe80000,0x00000000fbe80000,0x00000000fdd00000)
 ParOldGen       total 210944K, used 137831K [0x00000000e0000000, 0x00000000ece00000, 0x00000000f5580000)
  object space 210944K, 65% used [0x00000000e0000000,0x00000000e8699e10,0x00000000ece00000)
 Metaspace       used 77853K, capacity 80188K, committed 80344K, reserved 1120256K
  class space    used 8709K, capacity 9445K, committed 9472K, reserved 1048576K
Event: 211.504 GC heap after
Heap after GC invocations=57 (full 4):
 PSYoungGen      total 138752K, used 18495K [0x00000000f5580000, 0x0000000100000000, 0x0000000100000000)
  eden space 107520K, 0% used [0x00000000f5580000,0x00000000f5580000,0x00000000fbe80000)
  from space 31232K, 59% used [0x00000000fbe80000,0x00000000fd08fd48,0x00000000fdd00000)
  to   space 31232K, 0% used [0x00000000fe180000,0x00000000fe180000,0x0000000100000000)
 ParOldGen       total 210944K, used 137831K [0x00000000e0000000, 0x00000000ece00000, 0x00000000f5580000)
  object space 210944K, 65% used [0x00000000e0000000,0x00000000e8699e10,0x00000000ece00000)
 Metaspace       used 77853K, capacity 80188K, committed 80344K, reserved 1120256K
  class space    used 8709K, capacity 9445K, committed 9472K, reserved 1048576K
}

