# JRE version: Java(TM) SE Runtime Environment (8.0_25-b18) (build 1.8.0_25-b18)
# Java VM: Java HotSpot(TM) 64-Bit Server VM (25.25-b02 mixed mode windows-amd64 compressed oops)
Heap:
 PSYoungGen      total 209920K, used 138177K [0x00000000f0000000, 0x0000000100000000, 0x0000000100000000)
  eden space 163840K, 61% used [0x00000000f0000000,0x00000000f61dee48,0x00000000fa000000)
  from space 46080K, 82% used [0x00000000fd180000,0x00000000ff6917b8,0x00000000ffe80000)
  to   space 49152K, 0% used [0x00000000fa000000,0x00000000fa000000,0x00000000fd000000)
 ParOldGen       total 184320K, used 127061K [0x00000000d0000000, 0x00000000db400000, 0x00000000f0000000)
  object space 184320K, 68% used [0x00000000d0000000,0x00000000d7c15520,0x00000000db400000)
 Metaspace       used 82982K, capacity 85999K, committed 86144K, reserved 1126400K
  class space    used 9147K, capacity 9995K, committed 10112K, reserved 1048576K
GC Heap History (10 events):
Event: 320.832 GC heap before
{Heap before GC invocations=54 (full 4):
 PSYoungGen      total 211968K, used 194608K [0x00000000f0000000, 0x0000000100000000, 0x0000000100000000)
  eden space 167424K, 100% used [0x00000000f0000000,0x00000000fa380000,0x00000000fa380000)
  from space 44544K, 61% used [0x00000000fa380000,0x00000000fbe0c2d0,0x00000000fcf00000)
  to   space 44544K, 0% used [0x00000000fd480000,0x00000000fd480000,0x0000000100000000)
 ParOldGen       total 184320K, used 119428K [0x00000000d0000000, 0x00000000db400000, 0x00000000f0000000)
  object space 184320K, 64% used [0x00000000d0000000,0x00000000d74a1368,0x00000000db400000)
 Metaspace       used 78680K, capacity 81021K, committed 81280K, reserved 1120256K
  class space    used 8781K, capacity 9506K, committed 9600K, reserved 1048576K
Event: 320.958 GC heap after
Heap after GC invocations=54 (full 4):
 PSYoungGen      total 214528K, used 31840K [0x00000000f0000000, 0x0000000100000000, 0x0000000100000000)
  eden space 169984K, 0% used [0x00000000f0000000,0x00000000f0000000,0x00000000fa600000)
  from space 44544K, 71% used [0x00000000fd480000,0x00000000ff3983a8,0x0000000100000000)
  to   space 46080K, 0% used [0x00000000fa600000,0x00000000fa600000,0x00000000fd300000)
 ParOldGen       total 184320K, used 119436K [0x00000000d0000000, 0x00000000db400000, 0x00000000f0000000)
  object space 184320K, 64% used [0x00000000d0000000,0x00000000d74a3368,0x00000000db400000)
 Metaspace       used 78680K, capacity 81021K, committed 81280K, reserved 1120256K
  class space    used 8781K, capacity 9506K, committed 9600K, reserved 1048576K
}
Event: 372.487 GC heap before
{Heap before GC invocations=55 (full 4):
 PSYoungGen      total 214528K, used 201824K [0x00000000f0000000, 0x0000000100000000, 0x0000000100000000)
  eden space 169984K, 100% used [0x00000000f0000000,0x00000000fa600000,0x00000000fa600000)
  from space 44544K, 71% used [0x00000000fd480000,0x00000000ff3983a8,0x0000000100000000)
  to   space 46080K, 0% used [0x00000000fa600000,0x00000000fa600000,0x00000000fd300000)
 ParOldGen       total 184320K, used 119436K [0x00000000d0000000, 0x00000000db400000, 0x00000000f0000000)
  object space 184320K, 64% used [0x00000000d0000000,0x00000000d74a3368,0x00000000db400000)
 Metaspace       used 79233K, capacity 81713K, committed 81792K, reserved 1122304K
  class space    used 8804K, capacity 9552K, committed 9600K, reserved 1048576K
Event: 372.581 GC heap after
Heap after GC invocations=55 (full 4):
 PSYoungGen      total 202240K, used 31987K [0x00000000f0000000, 0x0000000100000000, 0x0000000100000000)
  eden space 169984K, 0% used [0x00000000f0000000,0x00000000f0000000,0x00000000fa600000)
  from space 32256K, 99% used [0x00000000fa600000,0x00000000fc53cd08,0x00000000fc580000)
  to   space 47616K, 0% used [0x00000000fd180000,0x00000000fd180000,0x0000000100000000)
 ParOldGen       total 184320K, used 122192K [0x00000000d0000000, 0x00000000db400000, 0x00000000f0000000)
  object space 184320K, 66% used [0x00000000d0000000,0x00000000d7754378,0x00000000db400000)
 Metaspace       used 79233K, capacity 81713K, committed 81792K, reserved 1122304K
  class space    used 8804K, capacity 9552K, committed 9600K, reserved 1048576K
}
Event: 376.010 GC heap before
{Heap before GC invocations=56 (full 4):
 PSYoungGen      total 202240K, used 201971K [0x00000000f0000000, 0x0000000100000000, 0x0000000100000000)
  eden space 169984K, 100% used [0x00000000f0000000,0x00000000fa600000,0x00000000fa600000)
  from space 32256K, 99% used [0x00000000fa600000,0x00000000fc53cd08,0x00000000fc580000)
  to   space 47616K, 0% used [0x00000000fd180000,0x00000000fd180000,0x0000000100000000)
 ParOldGen       total 184320K, used 122192K [0x00000000d0000000, 0x00000000db400000, 0x00000000f0000000)
  object space 184320K, 66% used [0x00000000d0000000,0x00000000d7754378,0x00000000db400000)
 Metaspace       used 79775K, capacity 82193K, committed 82304K, reserved 1122304K
  class space    used 8834K, capacity 9584K, committed 9600K, reserved 1048576K
Event: 376.082 GC heap after
Heap after GC invocations=56 (full 4):
 PSYoungGen      total 216064K, used 25098K [0x00000000f0000000, 0x0000000100000000, 0x0000000100000000)
  eden space 168448K, 0% used [0x00000000f0000000,0x00000000f0000000,0x00000000fa480000)
  from space 47616K, 52% used [0x00000000fd180000,0x00000000fea02910,0x0000000100000000)
  to   space 46080K, 0% used [0x00000000fa480000,0x00000000fa480000,0x00000000fd180000)
 ParOldGen       total 184320K, used 126022K [0x00000000d0000000, 0x00000000db400000, 0x00000000f0000000)
  object space 184320K, 68% used [0x00000000d0000000,0x00000000d7b119f0,0x00000000db400000)
 Metaspace       used 79775K, capacity 82193K, committed 82304K, reserved 1122304K
  class space    used 8834K, capacity 9584K, committed 9600K, reserved 1048576K
}
Event: 453.399 GC heap before
{Heap before GC invocations=57 (full 4):
 PSYoungGen      total 216064K, used 186143K [0x00000000f0000000, 0x0000000100000000, 0x0000000100000000)
  eden space 168448K, 95% used [0x00000000f0000000,0x00000000f9d45390,0x00000000fa480000)
  from space 47616K, 52% used [0x00000000fd180000,0x00000000fea02910,0x0000000100000000)
  to   space 46080K, 0% used [0x00000000fa480000,0x00000000fa480000,0x00000000fd180000)
 ParOldGen       total 184320K, used 126022K [0x00000000d0000000, 0x00000000db400000, 0x00000000f0000000)
  object space 184320K, 68% used [0x00000000d0000000,0x00000000d7b119f0,0x00000000db400000)
 Metaspace       used 80795K, capacity 83425K, committed 83456K, reserved 1122304K
  class space    used 8924K, capacity 9718K, committed 9728K, reserved 1048576K
Event: 453.470 GC heap after
Heap after GC invocations=57 (full 4):
 PSYoungGen      total 214528K, used 29978K [0x00000000f0000000, 0x00000000ffe80000, 0x0000000100000000)
  eden space 168448K, 0% used [0x00000000f0000000,0x00000000f0000000,0x00000000fa480000)
  from space 46080K, 65% used [0x00000000fa480000,0x00000000fc1c6b40,0x00000000fd180000)
  to   space 46080K, 0% used [0x00000000fd180000,0x00000000fd180000,0x00000000ffe80000)
 ParOldGen       total 184320K, used 127029K [0x00000000d0000000, 0x00000000db400000, 0x00000000f0000000)
  object space 184320K, 68% used [0x00000000d0000000,0x00000000d7c0d520,0x00000000db400000)
 Metaspace       used 80795K, capacity 83425K, committed 83456K, reserved 1122304K
  class space    used 8924K, capacity 9718K, committed 9728K, reserved 1048576K
}
Event: 458.966 GC heap before
{Heap before GC invocations=58 (full 4):
 PSYoungGen      total 214528K, used 198426K [0x00000000f0000000, 0x00000000ffe80000, 0x0000000100000000)
  eden space 168448K, 100% used [0x00000000f0000000,0x00000000fa480000,0x00000000fa480000)
  from space 46080K, 65% used [0x00000000fa480000,0x00000000fc1c6b40,0x00000000fd180000)
  to   space 46080K, 0% used [0x00000000fd180000,0x00000000fd180000,0x00000000ffe80000)
 ParOldGen       total 184320K, used 127029K [0x00000000d0000000, 0x00000000db400000, 0x00000000f0000000)
  object space 184320K, 68% used [0x00000000d0000000,0x00000000d7c0d520,0x00000000db400000)
 Metaspace       used 81928K, capacity 84547K, committed 84864K, reserved 1124352K
  class space    used 9018K, capacity 9788K, committed 9856K, reserved 1048576K
Event: 459.031 GC heap after
Heap after GC invocations=58 (full 4):
 PSYoungGen      total 209920K, used 37957K [0x00000000f0000000, 0x0000000100000000, 0x0000000100000000)
  eden space 163840K, 0% used [0x00000000f0000000,0x00000000f0000000,0x00000000fa000000)
  from space 46080K, 82% used [0x00000000fd180000,0x00000000ff6917b8,0x00000000ffe80000)
  to   space 49152K, 0% used [0x00000000fa000000,0x00000000fa000000,0x00000000fd000000)
 ParOldGen       total 184320K, used 127061K [0x00000000d0000000, 0x00000000db400000, 0x00000000f0000000)
  object space 184320K, 68% used [0x00000000d0000000,0x00000000d7c15520,0x00000000db400000)
 Metaspace       used 81928K, capacity 84547K, committed 84864K, reserved 1124352K
  class space    used 9018K, capacity 9788K, committed 9856K, reserved 1048576K
}

