# JRE version: Java(TM) SE Runtime Environment (8.0_25-b18) (build 1.8.0_25-b18)
# Java VM: Java HotSpot(TM) 64-Bit Server VM (25.25-b02 mixed mode windows-amd64 compressed oops)
Heap:
 PSYoungGen      total 147968K, used 134635K [0x00000000f5580000, 0x00000000ffd00000, 0x0000000100000000)
  eden space 123392K, 99% used [0x00000000f5580000,0x00000000fcd79620,0x00000000fce00000)
  from space 24576K, 47% used [0x00000000fce00000,0x00000000fd981668,0x00000000fe600000)
  to   space 23552K, 0% used [0x00000000fe600000,0x00000000fe600000,0x00000000ffd00000)
 ParOldGen       total 193024K, used 130622K [0x00000000e0000000, 0x00000000ebc80000, 0x00000000f5580000)
  object space 193024K, 67% used [0x00000000e0000000,0x00000000e7f8f918,0x00000000ebc80000)
 Metaspace       used 81347K, capacity 84178K, committed 84352K, reserved 1124352K
  class space    used 8956K, capacity 9757K, committed 9856K, reserved 1048576K
GC Heap History (10 events):
Event: 315.922 GC heap before
{Heap before GC invocations=96 (full 5):
 PSYoungGen      total 148480K, used 137573K [0x00000000f5580000, 0x0000000100000000, 0x0000000100000000)
  eden space 122368K, 100% used [0x00000000f5580000,0x00000000fcd00000,0x00000000fcd00000)
  from space 26112K, 58% used [0x00000000fe680000,0x00000000ff559550,0x0000000100000000)
  to   space 26112K, 0% used [0x00000000fcd00000,0x00000000fcd00000,0x00000000fe680000)
 ParOldGen       total 193024K, used 124972K [0x00000000e0000000, 0x00000000ebc80000, 0x00000000f5580000)
  object space 193024K, 64% used [0x00000000e0000000,0x00000000e7a0b1a8,0x00000000ebc80000)
 Metaspace       used 79013K, capacity 81504K, committed 81792K, reserved 1122304K
  class space    used 8743K, capacity 9499K, committed 9600K, reserved 1048576K
Event: 316.067 GC heap after
Heap after GC invocations=96 (full 5):
 PSYoungGen      total 148480K, used 16859K [0x00000000f5580000, 0x0000000100000000, 0x0000000100000000)
  eden space 122368K, 0% used [0x00000000f5580000,0x00000000f5580000,0x00000000fcd00000)
  from space 26112K, 64% used [0x00000000fcd00000,0x00000000fdd76ea0,0x00000000fe680000)
  to   space 26112K, 0% used [0x00000000fe680000,0x00000000fe680000,0x0000000100000000)
 ParOldGen       total 193024K, used 124980K [0x00000000e0000000, 0x00000000ebc80000, 0x00000000f5580000)
  object space 193024K, 64% used [0x00000000e0000000,0x00000000e7a0d1a8,0x00000000ebc80000)
 Metaspace       used 79013K, capacity 81504K, committed 81792K, reserved 1122304K
  class space    used 8743K, capacity 9499K, committed 9600K, reserved 1048576K
}
Event: 317.462 GC heap before
{Heap before GC invocations=97 (full 5):
 PSYoungGen      total 148480K, used 139227K [0x00000000f5580000, 0x0000000100000000, 0x0000000100000000)
  eden space 122368K, 100% used [0x00000000f5580000,0x00000000fcd00000,0x00000000fcd00000)
  from space 26112K, 64% used [0x00000000fcd00000,0x00000000fdd76ea0,0x00000000fe680000)
  to   space 26112K, 0% used [0x00000000fe680000,0x00000000fe680000,0x0000000100000000)
 ParOldGen       total 193024K, used 124980K [0x00000000e0000000, 0x00000000ebc80000, 0x00000000f5580000)
  object space 193024K, 64% used [0x00000000e0000000,0x00000000e7a0d1a8,0x00000000ebc80000)
 Metaspace       used 79015K, capacity 81504K, committed 81792K, reserved 1122304K
  class space    used 8743K, capacity 9499K, committed 9600K, reserved 1048576K
Event: 317.601 GC heap after
Heap after GC invocations=97 (full 5):
 PSYoungGen      total 148480K, used 15248K [0x00000000f5580000, 0x0000000100000000, 0x0000000100000000)
  eden space 122368K, 0% used [0x00000000f5580000,0x00000000f5580000,0x00000000fcd00000)
  from space 26112K, 58% used [0x00000000fe680000,0x00000000ff564310,0x0000000100000000)
  to   space 26112K, 0% used [0x00000000fcd00000,0x00000000fcd00000,0x00000000fe680000)
 ParOldGen       total 193024K, used 124988K [0x00000000e0000000, 0x00000000ebc80000, 0x00000000f5580000)
  object space 193024K, 64% used [0x00000000e0000000,0x00000000e7a0f1a8,0x00000000ebc80000)
 Metaspace       used 79015K, capacity 81504K, committed 81792K, reserved 1122304K
  class space    used 8743K, capacity 9499K, committed 9600K, reserved 1048576K
}
Event: 331.386 GC heap before
{Heap before GC invocations=98 (full 5):
 PSYoungGen      total 148480K, used 137616K [0x00000000f5580000, 0x0000000100000000, 0x0000000100000000)
  eden space 122368K, 100% used [0x00000000f5580000,0x00000000fcd00000,0x00000000fcd00000)
  from space 26112K, 58% used [0x00000000fe680000,0x00000000ff564310,0x0000000100000000)
  to   space 26112K, 0% used [0x00000000fcd00000,0x00000000fcd00000,0x00000000fe680000)
 ParOldGen       total 193024K, used 124988K [0x00000000e0000000, 0x00000000ebc80000, 0x00000000f5580000)
  object space 193024K, 64% used [0x00000000e0000000,0x00000000e7a0f1a8,0x00000000ebc80000)
 Metaspace       used 79754K, capacity 82274K, committed 82560K, reserved 1122304K
  class space    used 8792K, capacity 9560K, committed 9600K, reserved 1048576K
Event: 331.428 GC heap after
Heap after GC invocations=98 (full 5):
 PSYoungGen      total 138752K, used 16166K [0x00000000f5580000, 0x00000000fff00000, 0x0000000100000000)
  eden space 122368K, 0% used [0x00000000f5580000,0x00000000f5580000,0x00000000fcd00000)
  from space 16384K, 98% used [0x00000000fcd00000,0x00000000fdcc9988,0x00000000fdd00000)
  to   space 25600K, 0% used [0x00000000fe600000,0x00000000fe600000,0x00000000fff00000)
 ParOldGen       total 193024K, used 126499K [0x00000000e0000000, 0x00000000ebc80000, 0x00000000f5580000)
  object space 193024K, 65% used [0x00000000e0000000,0x00000000e7b88da8,0x00000000ebc80000)
 Metaspace       used 79754K, capacity 82274K, committed 82560K, reserved 1122304K
  class space    used 8792K, capacity 9560K, committed 9600K, reserved 1048576K
}
Event: 332.922 GC heap before
{Heap before GC invocations=99 (full 5):
 PSYoungGen      total 138752K, used 138534K [0x00000000f5580000, 0x00000000fff00000, 0x0000000100000000)
  eden space 122368K, 100% used [0x00000000f5580000,0x00000000fcd00000,0x00000000fcd00000)
  from space 16384K, 98% used [0x00000000fcd00000,0x00000000fdcc9988,0x00000000fdd00000)
  to   space 25600K, 0% used [0x00000000fe600000,0x00000000fe600000,0x00000000fff00000)
 ParOldGen       total 193024K, used 126499K [0x00000000e0000000, 0x00000000ebc80000, 0x00000000f5580000)
  object space 193024K, 65% used [0x00000000e0000000,0x00000000e7b88da8,0x00000000ebc80000)
 Metaspace       used 79772K, capacity 82274K, committed 82560K, reserved 1122304K
  class space    used 8793K, capacity 9560K, committed 9600K, reserved 1048576K
Event: 332.961 GC heap after
Heap after GC invocations=99 (full 5):
 PSYoungGen      total 148992K, used 13408K [0x00000000f5580000, 0x0000000100000000, 0x0000000100000000)
  eden space 123392K, 0% used [0x00000000f5580000,0x00000000f5580000,0x00000000fce00000)
  from space 25600K, 52% used [0x00000000fe600000,0x00000000ff3181c0,0x00000000fff00000)
  to   space 24576K, 0% used [0x00000000fce00000,0x00000000fce00000,0x00000000fe600000)
 ParOldGen       total 193024K, used 128077K [0x00000000e0000000, 0x00000000ebc80000, 0x00000000f5580000)
  object space 193024K, 66% used [0x00000000e0000000,0x00000000e7d13778,0x00000000ebc80000)
 Metaspace       used 79772K, capacity 82274K, committed 82560K, reserved 1122304K
  class space    used 8793K, capacity 9560K, committed 9600K, reserved 1048576K
}
Event: 819.211 GC heap before
{Heap before GC invocations=100 (full 5):
 PSYoungGen      total 148992K, used 136800K [0x00000000f5580000, 0x0000000100000000, 0x0000000100000000)
  eden space 123392K, 100% used [0x00000000f5580000,0x00000000fce00000,0x00000000fce00000)
  from space 25600K, 52% used [0x00000000fe600000,0x00000000ff3181c0,0x00000000fff00000)
  to   space 24576K, 0% used [0x00000000fce00000,0x00000000fce00000,0x00000000fe600000)
 ParOldGen       total 193024K, used 128077K [0x00000000e0000000, 0x00000000ebc80000, 0x00000000f5580000)
  object space 193024K, 66% used [0x00000000e0000000,0x00000000e7d13778,0x00000000ebc80000)
 Metaspace       used 80421K, capacity 82976K, committed 83072K, reserved 1122304K
  class space    used 8831K, capacity 9599K, committed 9600K, reserved 1048576K
Event: 819.248 GC heap after
Heap after GC invocations=100 (full 5):
 PSYoungGen      total 147968K, used 11781K [0x00000000f5580000, 0x00000000ffd00000, 0x0000000100000000)
  eden space 123392K, 0% used [0x00000000f5580000,0x00000000f5580000,0x00000000fce00000)
  from space 24576K, 47% used [0x00000000fce00000,0x00000000fd981668,0x00000000fe600000)
  to   space 23552K, 0% used [0x00000000fe600000,0x00000000fe600000,0x00000000ffd00000)
 ParOldGen       total 193024K, used 130622K [0x00000000e0000000, 0x00000000ebc80000, 0x00000000f5580000)
  object space 193024K, 67% used [0x00000000e0000000,0x00000000e7f8f918,0x00000000ebc80000)
 Metaspace       used 80421K, capacity 82976K, committed 83072K, reserved 1122304K
  class space    used 8831K, capacity 9599K, committed 9600K, reserved 1048576K
}

