# JRE version: Java(TM) SE Runtime Environment (8.0_25-b18) (build 1.8.0_25-b18)
# Java VM: Java HotSpot(TM) 64-Bit Server VM (25.25-b02 mixed mode windows-amd64 compressed oops)
Heap:
 PSYoungGen      total 200704K, used 131906K [0x00000000f0000000, 0x00000000fed80000, 0x0000000100000000)
  eden space 161280K, 69% used [0x00000000f0000000,0x00000000f6d2b6b0,0x00000000f9d80000)
  from space 39424K, 51% used [0x00000000f9d80000,0x00000000fb1254d0,0x00000000fc400000)
  to   space 38400K, 0% used [0x00000000fc800000,0x00000000fc800000,0x00000000fed80000)
 ParOldGen       total 223232K, used 146464K [0x00000000d0000000, 0x00000000dda00000, 0x00000000f0000000)
  object space 223232K, 65% used [0x00000000d0000000,0x00000000d8f08388,0x00000000dda00000)
 Metaspace       used 86146K, capacity 89558K, committed 89728K, reserved 1128448K
  class space    used 9499K, capacity 10524K, committed 10624K, reserved 1048576K
GC Heap History (10 events):
Event: 3910.027 GC heap before
{Heap before GC invocations=66 (full 5):
 PSYoungGen      total 196608K, used 185730K [0x00000000f0000000, 0x00000000ff000000, 0x0000000100000000)
  eden space 159744K, 100% used [0x00000000f0000000,0x00000000f9c00000,0x00000000f9c00000)
  from space 36864K, 70% used [0x00000000fcc00000,0x00000000fe5609b8,0x00000000ff000000)
  to   space 43008K, 0% used [0x00000000f9c00000,0x00000000f9c00000,0x00000000fc600000)
 ParOldGen       total 223232K, used 137276K [0x00000000d0000000, 0x00000000dda00000, 0x00000000f0000000)
  object space 223232K, 61% used [0x00000000d0000000,0x00000000d860f268,0x00000000dda00000)
 Metaspace       used 83251K, capacity 86192K, committed 86400K, reserved 1126400K
  class space    used 9199K, capacity 10085K, committed 10112K, reserved 1048576K
Event: 3910.083 GC heap after
Heap after GC invocations=66 (full 5):
 PSYoungGen      total 180224K, used 25384K [0x00000000f0000000, 0x00000000fe900000, 0x0000000100000000)
  eden space 154624K, 0% used [0x00000000f0000000,0x00000000f0000000,0x00000000f9700000)
  from space 25600K, 99% used [0x00000000f9c00000,0x00000000fb4ca300,0x00000000fb500000)
  to   space 41984K, 0% used [0x00000000fc000000,0x00000000fc000000,0x00000000fe900000)
 ParOldGen       total 223232K, used 138242K [0x00000000d0000000, 0x00000000dda00000, 0x00000000f0000000)
  object space 223232K, 61% used [0x00000000d0000000,0x00000000d87009b8,0x00000000dda00000)
 Metaspace       used 83251K, capacity 86192K, committed 86400K, reserved 1126400K
  class space    used 9199K, capacity 10085K, committed 10112K, reserved 1048576K
}
Event: 3911.793 GC heap before
{Heap before GC invocations=67 (full 5):
 PSYoungGen      total 180224K, used 180008K [0x00000000f0000000, 0x00000000fe900000, 0x0000000100000000)
  eden space 154624K, 100% used [0x00000000f0000000,0x00000000f9700000,0x00000000f9700000)
  from space 25600K, 99% used [0x00000000f9c00000,0x00000000fb4ca300,0x00000000fb500000)
  to   space 41984K, 0% used [0x00000000fc000000,0x00000000fc000000,0x00000000fe900000)
 ParOldGen       total 223232K, used 138242K [0x00000000d0000000, 0x00000000dda00000, 0x00000000f0000000)
  object space 223232K, 61% used [0x00000000d0000000,0x00000000d87009b8,0x00000000dda00000)
 Metaspace       used 83416K, capacity 86334K, committed 86528K, reserved 1126400K
  class space    used 9229K, capacity 10134K, committed 10240K, reserved 1048576K
Event: 3911.903 GC heap after
Heap after GC invocations=67 (full 5):
 PSYoungGen      total 198144K, used 22789K [0x00000000f0000000, 0x00000000fed80000, 0x0000000100000000)
  eden space 156160K, 0% used [0x00000000f0000000,0x00000000f0000000,0x00000000f9880000)
  from space 41984K, 54% used [0x00000000fc000000,0x00000000fd641558,0x00000000fe900000)
  to   space 40448K, 0% used [0x00000000f9880000,0x00000000f9880000,0x00000000fc000000)
 ParOldGen       total 223232K, used 139930K [0x00000000d0000000, 0x00000000dda00000, 0x00000000f0000000)
  object space 223232K, 62% used [0x00000000d0000000,0x00000000d88a6a18,0x00000000dda00000)
 Metaspace       used 83416K, capacity 86334K, committed 86528K, reserved 1126400K
  class space    used 9229K, capacity 10134K, committed 10240K, reserved 1048576K
}
Event: 4166.509 GC heap before
{Heap before GC invocations=68 (full 5):
 PSYoungGen      total 198144K, used 178949K [0x00000000f0000000, 0x00000000fed80000, 0x0000000100000000)
  eden space 156160K, 100% used [0x00000000f0000000,0x00000000f9880000,0x00000000f9880000)
  from space 41984K, 54% used [0x00000000fc000000,0x00000000fd641558,0x00000000fe900000)
  to   space 40448K, 0% used [0x00000000f9880000,0x00000000f9880000,0x00000000fc000000)
 ParOldGen       total 223232K, used 139930K [0x00000000d0000000, 0x00000000dda00000, 0x00000000f0000000)
  object space 223232K, 62% used [0x00000000d0000000,0x00000000d88a6a18,0x00000000dda00000)
 Metaspace       used 84194K, capacity 87264K, committed 87424K, reserved 1126400K
  class space    used 9306K, capacity 10263K, committed 10368K, reserved 1048576K
Event: 4166.565 GC heap after
Heap after GC invocations=68 (full 5):
 PSYoungGen      total 196608K, used 26687K [0x00000000f0000000, 0x00000000fec80000, 0x0000000100000000)
  eden space 156160K, 0% used [0x00000000f0000000,0x00000000f0000000,0x00000000f9880000)
  from space 40448K, 65% used [0x00000000f9880000,0x00000000fb28ff10,0x00000000fc000000)
  to   space 39936K, 0% used [0x00000000fc580000,0x00000000fc580000,0x00000000fec80000)
 ParOldGen       total 223232K, used 141110K [0x00000000d0000000, 0x00000000dda00000, 0x00000000f0000000)
  object space 223232K, 63% used [0x00000000d0000000,0x00000000d89cdaf0,0x00000000dda00000)
 Metaspace       used 84194K, capacity 87264K, committed 87424K, reserved 1126400K
  class space    used 9306K, capacity 10263K, committed 10368K, reserved 1048576K
}
Event: 4195.688 GC heap before
{Heap before GC invocations=69 (full 5):
 PSYoungGen      total 196608K, used 182847K [0x00000000f0000000, 0x00000000fec80000, 0x0000000100000000)
  eden space 156160K, 100% used [0x00000000f0000000,0x00000000f9880000,0x00000000f9880000)
  from space 40448K, 65% used [0x00000000f9880000,0x00000000fb28ff10,0x00000000fc000000)
  to   space 39936K, 0% used [0x00000000fc580000,0x00000000fc580000,0x00000000fec80000)
 ParOldGen       total 223232K, used 141110K [0x00000000d0000000, 0x00000000dda00000, 0x00000000f0000000)
  object space 223232K, 63% used [0x00000000d0000000,0x00000000d89cdaf0,0x00000000dda00000)
 Metaspace       used 84568K, capacity 87654K, committed 87936K, reserved 1126400K
  class space    used 9335K, capacity 10281K, committed 10368K, reserved 1048576K
Event: 4195.774 GC heap after
Heap after GC invocations=69 (full 5):
 PSYoungGen      total 199168K, used 25607K [0x00000000f0000000, 0x00000000fea80000, 0x0000000100000000)
  eden space 161280K, 0% used [0x00000000f0000000,0x00000000f0000000,0x00000000f9d80000)
  from space 37888K, 67% used [0x00000000fc580000,0x00000000fde81fc8,0x00000000fea80000)
  to   space 39424K, 0% used [0x00000000f9d80000,0x00000000f9d80000,0x00000000fc400000)
 ParOldGen       total 223232K, used 143719K [0x00000000d0000000, 0x00000000dda00000, 0x00000000f0000000)
  object space 223232K, 64% used [0x00000000d0000000,0x00000000d8c59de8,0x00000000dda00000)
 Metaspace       used 84568K, capacity 87654K, committed 87936K, reserved 1126400K
  class space    used 9335K, capacity 10281K, committed 10368K, reserved 1048576K
}
Event: 4198.930 GC heap before
{Heap before GC invocations=70 (full 5):
 PSYoungGen      total 199168K, used 186887K [0x00000000f0000000, 0x00000000fea80000, 0x0000000100000000)
  eden space 161280K, 100% used [0x00000000f0000000,0x00000000f9d80000,0x00000000f9d80000)
  from space 37888K, 67% used [0x00000000fc580000,0x00000000fde81fc8,0x00000000fea80000)
  to   space 39424K, 0% used [0x00000000f9d80000,0x00000000f9d80000,0x00000000fc400000)
 ParOldGen       total 223232K, used 143719K [0x00000000d0000000, 0x00000000dda00000, 0x00000000f0000000)
  object space 223232K, 64% used [0x00000000d0000000,0x00000000d8c59de8,0x00000000dda00000)
 Metaspace       used 84899K, capacity 88006K, committed 88192K, reserved 1126400K
  class space    used 9357K, capacity 10313K, committed 10368K, reserved 1048576K
Event: 4198.957 GC heap after
Heap after GC invocations=70 (full 5):
 PSYoungGen      total 200704K, used 20117K [0x00000000f0000000, 0x00000000fed80000, 0x0000000100000000)
  eden space 161280K, 0% used [0x00000000f0000000,0x00000000f0000000,0x00000000f9d80000)
  from space 39424K, 51% used [0x00000000f9d80000,0x00000000fb1254d0,0x00000000fc400000)
  to   space 38400K, 0% used [0x00000000fc800000,0x00000000fc800000,0x00000000fed80000)
 ParOldGen       total 223232K, used 146464K [0x00000000d0000000, 0x00000000dda00000, 0x00000000f0000000)
  object space 223232K, 65% used [0x00000000d0000000,0x00000000d8f08388,0x00000000dda00000)
 Metaspace       used 84899K, capacity 88006K, committed 88192K, reserved 1126400K
  class space    used 9357K, capacity 10313K, committed 10368K, reserved 1048576K
}

