# JRE version: Java(TM) SE Runtime Environment (8.0_25-b18) (build 1.8.0_25-b18)
# Java VM: Java HotSpot(TM) 64-Bit Server VM (25.25-b02 mixed mode windows-amd64 compressed oops)
Heap:
 PSYoungGen      total 208384K, used 88784K [0x00000000f0000000, 0x0000000100000000, 0x0000000100000000)
  eden space 173056K, 31% used [0x00000000f0000000,0x00000000f34abc20,0x00000000fa900000)
  from space 35328K, 98% used [0x00000000fa900000,0x00000000fcb08570,0x00000000fcb80000)
  to   space 47616K, 0% used [0x00000000fd180000,0x00000000fd180000,0x0000000100000000)
 ParOldGen       total 167424K, used 130955K [0x00000000d0000000, 0x00000000da380000, 0x00000000f0000000)
  object space 167424K, 78% used [0x00000000d0000000,0x00000000d7fe2f30,0x00000000da380000)
 Metaspace       used 84931K, capacity 88458K, committed 88576K, reserved 1128448K
  class space    used 9433K, capacity 10448K, committed 10496K, reserved 1048576K
GC Heap History (10 events):
Event: 150.335 GC heap before
{Heap before GC invocations=53 (full 4):
 PSYoungGen      total 212480K, used 184340K [0x00000000f0000000, 0x00000000ffa00000, 0x0000000100000000)
  eden space 173056K, 98% used [0x00000000f0000000,0x00000000fa6033b0,0x00000000fa900000)
  from space 39424K, 36% used [0x00000000fd380000,0x00000000fe181e40,0x00000000ffa00000)
  to   space 41472K, 0% used [0x00000000fa900000,0x00000000fa900000,0x00000000fd180000)
 ParOldGen       total 167424K, used 130915K [0x00000000d0000000, 0x00000000da380000, 0x00000000f0000000)
  object space 167424K, 78% used [0x00000000d0000000,0x00000000d7fd8f30,0x00000000da380000)
 Metaspace       used 77558K, capacity 79912K, committed 80128K, reserved 1120256K
  class space    used 8656K, capacity 9369K, committed 9472K, reserved 1048576K
Event: 150.371 GC heap after
Heap after GC invocations=53 (full 4):
 PSYoungGen      total 214528K, used 19048K [0x00000000f0000000, 0x00000000ffe80000, 0x0000000100000000)
  eden space 173056K, 0% used [0x00000000f0000000,0x00000000f0000000,0x00000000fa900000)
  from space 41472K, 45% used [0x00000000fa900000,0x00000000fbb9a010,0x00000000fd180000)
  to   space 39936K, 0% used [0x00000000fd780000,0x00000000fd780000,0x00000000ffe80000)
 ParOldGen       total 167424K, used 130923K [0x00000000d0000000, 0x00000000da380000, 0x00000000f0000000)
  object space 167424K, 78% used [0x00000000d0000000,0x00000000d7fdaf30,0x00000000da380000)
 Metaspace       used 77558K, capacity 79912K, committed 80128K, reserved 1120256K
  class space    used 8656K, capacity 9369K, committed 9472K, reserved 1048576K
}
Event: 173.221 GC heap before
{Heap before GC invocations=54 (full 4):
 PSYoungGen      total 214528K, used 192104K [0x00000000f0000000, 0x00000000ffe80000, 0x0000000100000000)
  eden space 173056K, 100% used [0x00000000f0000000,0x00000000fa900000,0x00000000fa900000)
  from space 41472K, 45% used [0x00000000fa900000,0x00000000fbb9a010,0x00000000fd180000)
  to   space 39936K, 0% used [0x00000000fd780000,0x00000000fd780000,0x00000000ffe80000)
 ParOldGen       total 167424K, used 130923K [0x00000000d0000000, 0x00000000da380000, 0x00000000f0000000)
  object space 167424K, 78% used [0x00000000d0000000,0x00000000d7fdaf30,0x00000000da380000)
 Metaspace       used 80192K, capacity 82816K, committed 83072K, reserved 1122304K
  class space    used 8937K, capacity 9733K, committed 9856K, reserved 1048576K
Event: 173.254 GC heap after
Heap after GC invocations=54 (full 4):
 PSYoungGen      total 218624K, used 24353K [0x00000000f0000000, 0x00000000ffe00000, 0x0000000100000000)
  eden space 179200K, 0% used [0x00000000f0000000,0x00000000f0000000,0x00000000faf00000)
  from space 39424K, 61% used [0x00000000fd780000,0x00000000fef484c0,0x00000000ffe00000)
  to   space 40448K, 0% used [0x00000000faf00000,0x00000000faf00000,0x00000000fd680000)
 ParOldGen       total 167424K, used 130931K [0x00000000d0000000, 0x00000000da380000, 0x00000000f0000000)
  object space 167424K, 78% used [0x00000000d0000000,0x00000000d7fdcf30,0x00000000da380000)
 Metaspace       used 80192K, capacity 82816K, committed 83072K, reserved 1122304K
  class space    used 8937K, capacity 9733K, committed 9856K, reserved 1048576K
}
Event: 304.412 GC heap before
{Heap before GC invocations=55 (full 4):
 PSYoungGen      total 218624K, used 203553K [0x00000000f0000000, 0x00000000ffe00000, 0x0000000100000000)
  eden space 179200K, 100% used [0x00000000f0000000,0x00000000faf00000,0x00000000faf00000)
  from space 39424K, 61% used [0x00000000fd780000,0x00000000fef484c0,0x00000000ffe00000)
  to   space 40448K, 0% used [0x00000000faf00000,0x00000000faf00000,0x00000000fd680000)
 ParOldGen       total 167424K, used 130931K [0x00000000d0000000, 0x00000000da380000, 0x00000000f0000000)
  object space 167424K, 78% used [0x00000000d0000000,0x00000000d7fdcf30,0x00000000da380000)
 Metaspace       used 82023K, capacity 85052K, committed 85376K, reserved 1124352K
  class space    used 9124K, capacity 10013K, committed 10112K, reserved 1048576K
Event: 304.520 GC heap after
Heap after GC invocations=55 (full 4):
 PSYoungGen      total 209408K, used 30167K [0x00000000f0000000, 0x0000000100000000, 0x0000000100000000)
  eden space 179200K, 0% used [0x00000000f0000000,0x00000000f0000000,0x00000000faf00000)
  from space 30208K, 99% used [0x00000000faf00000,0x00000000fcc75dd0,0x00000000fcc80000)
  to   space 43008K, 0% used [0x00000000fd600000,0x00000000fd600000,0x0000000100000000)
 ParOldGen       total 167424K, used 130939K [0x00000000d0000000, 0x00000000da380000, 0x00000000f0000000)
  object space 167424K, 78% used [0x00000000d0000000,0x00000000d7fdef30,0x00000000da380000)
 Metaspace       used 82023K, capacity 85052K, committed 85376K, reserved 1124352K
  class space    used 9124K, capacity 10013K, committed 10112K, reserved 1048576K
}
Event: 308.615 GC heap before
{Heap before GC invocations=56 (full 4):
 PSYoungGen      total 209408K, used 209367K [0x00000000f0000000, 0x0000000100000000, 0x0000000100000000)
  eden space 179200K, 100% used [0x00000000f0000000,0x00000000faf00000,0x00000000faf00000)
  from space 30208K, 99% used [0x00000000faf00000,0x00000000fcc75dd0,0x00000000fcc80000)
  to   space 43008K, 0% used [0x00000000fd600000,0x00000000fd600000,0x0000000100000000)
 ParOldGen       total 167424K, used 130939K [0x00000000d0000000, 0x00000000da380000, 0x00000000f0000000)
  object space 167424K, 78% used [0x00000000d0000000,0x00000000d7fdef30,0x00000000da380000)
 Metaspace       used 82399K, capacity 85324K, committed 85632K, reserved 1124352K
  class space    used 9147K, capacity 10015K, committed 10112K, reserved 1048576K
Event: 308.654 GC heap after
Heap after GC invocations=56 (full 4):
 PSYoungGen      total 216064K, used 29421K [0x00000000f0000000, 0x0000000100000000, 0x0000000100000000)
  eden space 173056K, 0% used [0x00000000f0000000,0x00000000f0000000,0x00000000fa900000)
  from space 43008K, 68% used [0x00000000fd600000,0x00000000ff2bb600,0x0000000100000000)
  to   space 44544K, 0% used [0x00000000fa900000,0x00000000fa900000,0x00000000fd480000)
 ParOldGen       total 167424K, used 130947K [0x00000000d0000000, 0x00000000da380000, 0x00000000f0000000)
  object space 167424K, 78% used [0x00000000d0000000,0x00000000d7fe0f30,0x00000000da380000)
 Metaspace       used 82399K, capacity 85324K, committed 85632K, reserved 1124352K
  class space    used 9147K, capacity 10015K, committed 10112K, reserved 1048576K
}
Event: 387.127 GC heap before
{Heap before GC invocations=57 (full 4):
 PSYoungGen      total 216064K, used 201607K [0x00000000f0000000, 0x0000000100000000, 0x0000000100000000)
  eden space 173056K, 99% used [0x00000000f0000000,0x00000000fa826948,0x00000000fa900000)
  from space 43008K, 68% used [0x00000000fd600000,0x00000000ff2bb600,0x0000000100000000)
  to   space 44544K, 0% used [0x00000000fa900000,0x00000000fa900000,0x00000000fd480000)
 ParOldGen       total 167424K, used 130947K [0x00000000d0000000, 0x00000000da380000, 0x00000000f0000000)
  object space 167424K, 78% used [0x00000000d0000000,0x00000000d7fe0f30,0x00000000da380000)
 Metaspace       used 83963K, capacity 87134K, committed 87424K, reserved 1126400K
  class space    used 9303K, capacity 10258K, committed 10368K, reserved 1048576K
Event: 387.205 GC heap after
Heap after GC invocations=57 (full 4):
 PSYoungGen      total 208384K, used 34849K [0x00000000f0000000, 0x0000000100000000, 0x0000000100000000)
  eden space 173056K, 0% used [0x00000000f0000000,0x00000000f0000000,0x00000000fa900000)
  from space 35328K, 98% used [0x00000000fa900000,0x00000000fcb08570,0x00000000fcb80000)
  to   space 47616K, 0% used [0x00000000fd180000,0x00000000fd180000,0x0000000100000000)
 ParOldGen       total 167424K, used 130955K [0x00000000d0000000, 0x00000000da380000, 0x00000000f0000000)
  object space 167424K, 78% used [0x00000000d0000000,0x00000000d7fe2f30,0x00000000da380000)
 Metaspace       used 83963K, capacity 87134K, committed 87424K, reserved 1126400K
  class space    used 9303K, capacity 10258K, committed 10368K, reserved 1048576K
}

