# JRE version: Java(TM) SE Runtime Environment (8.0_25-b18) (build 1.8.0_25-b18)
# Java VM: Java HotSpot(TM) 64-Bit Server VM (25.25-b02 mixed mode windows-amd64 compressed oops)
Heap:
 PSYoungGen      total 124928K, used 53093K [0x00000000f0000000, 0x00000000f9080000, 0x0000000100000000)
  eden space 108032K, 43% used [0x00000000f0000000,0x00000000f2e409d0,0x00000000f6980000)
  from space 16896K, 33% used [0x00000000f8000000,0x00000000f8598b28,0x00000000f9080000)
  to   space 19968K, 0% used [0x00000000f6980000,0x00000000f6980000,0x00000000f7d00000)
 ParOldGen       total 187392K, used 174885K [0x00000000d0000000, 0x00000000db700000, 0x00000000f0000000)
  object space 187392K, 93% used [0x00000000d0000000,0x00000000daac95d0,0x00000000db700000)
 Metaspace       used 104249K, capacity 108440K, committed 108544K, reserved 1146880K
  class space    used 10455K, capacity 11683K, committed 11776K, reserved 1048576K
GC Heap History (10 events):
Event: 2194.049 GC heap before
{Heap before GC invocations=98 (full 4):
 PSYoungGen      total 147968K, used 136410K [0x00000000f0000000, 0x00000000fa800000, 0x0000000100000000)
  eden space 125952K, 100% used [0x00000000f0000000,0x00000000f7b00000,0x00000000f7b00000)
  from space 22016K, 47% used [0x00000000f7b00000,0x00000000f8536940,0x00000000f9080000)
  to   space 21504K, 0% used [0x00000000f9300000,0x00000000f9300000,0x00000000fa800000)
 ParOldGen       total 187392K, used 171353K [0x00000000d0000000, 0x00000000db700000, 0x00000000f0000000)
  object space 187392K, 91% used [0x00000000d0000000,0x00000000da7565e8,0x00000000db700000)
 Metaspace       used 101289K, capacity 105100K, committed 105344K, reserved 1142784K
  class space    used 10221K, capacity 11328K, committed 11392K, reserved 1048576K
Event: 2194.086 GC heap after
Heap after GC invocations=98 (full 4):
 PSYoungGen      total 134144K, used 11795K [0x00000000f0000000, 0x00000000f9f00000, 0x0000000100000000)
  eden space 121856K, 0% used [0x00000000f0000000,0x00000000f0000000,0x00000000f7700000)
  from space 12288K, 95% used [0x00000000f9300000,0x00000000f9e84db8,0x00000000f9f00000)
  to   space 20480K, 0% used [0x00000000f7700000,0x00000000f7700000,0x00000000f8b00000)
 ParOldGen       total 187392K, used 171569K [0x00000000d0000000, 0x00000000db700000, 0x00000000f0000000)
  object space 187392K, 91% used [0x00000000d0000000,0x00000000da78c628,0x00000000db700000)
 Metaspace       used 101289K, capacity 105100K, committed 105344K, reserved 1142784K
  class space    used 10221K, capacity 11328K, committed 11392K, reserved 1048576K
}
Event: 2196.787 GC heap before
{Heap before GC invocations=99 (full 4):
 PSYoungGen      total 134144K, used 133651K [0x00000000f0000000, 0x00000000f9f00000, 0x0000000100000000)
  eden space 121856K, 100% used [0x00000000f0000000,0x00000000f7700000,0x00000000f7700000)
  from space 12288K, 95% used [0x00000000f9300000,0x00000000f9e84db8,0x00000000f9f00000)
  to   space 20480K, 0% used [0x00000000f7700000,0x00000000f7700000,0x00000000f8b00000)
 ParOldGen       total 187392K, used 171569K [0x00000000d0000000, 0x00000000db700000, 0x00000000f0000000)
  object space 187392K, 91% used [0x00000000d0000000,0x00000000da78c628,0x00000000db700000)
 Metaspace       used 101289K, capacity 105100K, committed 105344K, reserved 1142784K
  class space    used 10221K, capacity 11328K, committed 11392K, reserved 1048576K
Event: 2196.807 GC heap after
Heap after GC invocations=99 (full 4):
 PSYoungGen      total 126464K, used 7686K [0x00000000f0000000, 0x00000000f9b80000, 0x0000000100000000)
  eden space 118272K, 0% used [0x00000000f0000000,0x00000000f0000000,0x00000000f7380000)
  from space 8192K, 93% used [0x00000000f7700000,0x00000000f7e81880,0x00000000f7f00000)
  to   space 20480K, 0% used [0x00000000f8780000,0x00000000f8780000,0x00000000f9b80000)
 ParOldGen       total 187392K, used 172723K [0x00000000d0000000, 0x00000000db700000, 0x00000000f0000000)
  object space 187392K, 92% used [0x00000000d0000000,0x00000000da8ace70,0x00000000db700000)
 Metaspace       used 101289K, capacity 105100K, committed 105344K, reserved 1142784K
  class space    used 10221K, capacity 11328K, committed 11392K, reserved 1048576K
}
Event: 2335.424 GC heap before
{Heap before GC invocations=100 (full 4):
 PSYoungGen      total 126464K, used 125958K [0x00000000f0000000, 0x00000000f9b80000, 0x0000000100000000)
  eden space 118272K, 100% used [0x00000000f0000000,0x00000000f7380000,0x00000000f7380000)
  from space 8192K, 93% used [0x00000000f7700000,0x00000000f7e81880,0x00000000f7f00000)
  to   space 20480K, 0% used [0x00000000f8780000,0x00000000f8780000,0x00000000f9b80000)
 ParOldGen       total 187392K, used 172723K [0x00000000d0000000, 0x00000000db700000, 0x00000000f0000000)
  object space 187392K, 92% used [0x00000000d0000000,0x00000000da8ace70,0x00000000db700000)
 Metaspace       used 102854K, capacity 106738K, committed 107008K, reserved 1144832K
  class space    used 10313K, capacity 11463K, committed 11520K, reserved 1048576K
Event: 2335.449 GC heap after
Heap after GC invocations=100 (full 4):
 PSYoungGen      total 131584K, used 7800K [0x00000000f0000000, 0x00000000f9800000, 0x0000000100000000)
  eden space 114688K, 0% used [0x00000000f0000000,0x00000000f0000000,0x00000000f7000000)
  from space 16896K, 46% used [0x00000000f8780000,0x00000000f8f1e388,0x00000000f9800000)
  to   space 20480K, 0% used [0x00000000f7000000,0x00000000f7000000,0x00000000f8400000)
 ParOldGen       total 187392K, used 173942K [0x00000000d0000000, 0x00000000db700000, 0x00000000f0000000)
  object space 187392K, 92% used [0x00000000d0000000,0x00000000da9ddad8,0x00000000db700000)
 Metaspace       used 102854K, capacity 106738K, committed 107008K, reserved 1144832K
  class space    used 10313K, capacity 11463K, committed 11520K, reserved 1048576K
}
Event: 2336.509 GC heap before
{Heap before GC invocations=101 (full 4):
 PSYoungGen      total 131584K, used 122488K [0x00000000f0000000, 0x00000000f9800000, 0x0000000100000000)
  eden space 114688K, 100% used [0x00000000f0000000,0x00000000f7000000,0x00000000f7000000)
  from space 16896K, 46% used [0x00000000f8780000,0x00000000f8f1e388,0x00000000f9800000)
  to   space 20480K, 0% used [0x00000000f7000000,0x00000000f7000000,0x00000000f8400000)
 ParOldGen       total 187392K, used 173942K [0x00000000d0000000, 0x00000000db700000, 0x00000000f0000000)
  object space 187392K, 92% used [0x00000000d0000000,0x00000000da9ddad8,0x00000000db700000)
 Metaspace       used 102867K, capacity 106738K, committed 107008K, reserved 1144832K
  class space    used 10313K, capacity 11463K, committed 11520K, reserved 1048576K
Event: 2336.525 GC heap after
Heap after GC invocations=101 (full 4):
 PSYoungGen      total 119296K, used 8124K [0x00000000f0000000, 0x00000000f9380000, 0x0000000100000000)
  eden space 111104K, 0% used [0x00000000f0000000,0x00000000f0000000,0x00000000f6c80000)
  from space 8192K, 99% used [0x00000000f7000000,0x00000000f77ef0b0,0x00000000f7800000)
  to   space 19968K, 0% used [0x00000000f8000000,0x00000000f8000000,0x00000000f9380000)
 ParOldGen       total 187392K, used 174030K [0x00000000d0000000, 0x00000000db700000, 0x00000000f0000000)
  object space 187392K, 92% used [0x00000000d0000000,0x00000000da9f3ad8,0x00000000db700000)
 Metaspace       used 102867K, capacity 106738K, committed 107008K, reserved 1144832K
  class space    used 10313K, capacity 11463K, committed 11520K, reserved 1048576K
}
Event: 2338.316 GC heap before
{Heap before GC invocations=102 (full 4):
 PSYoungGen      total 119296K, used 119228K [0x00000000f0000000, 0x00000000f9380000, 0x0000000100000000)
  eden space 111104K, 100% used [0x00000000f0000000,0x00000000f6c80000,0x00000000f6c80000)
  from space 8192K, 99% used [0x00000000f7000000,0x00000000f77ef0b0,0x00000000f7800000)
  to   space 19968K, 0% used [0x00000000f8000000,0x00000000f8000000,0x00000000f9380000)
 ParOldGen       total 187392K, used 174030K [0x00000000d0000000, 0x00000000db700000, 0x00000000f0000000)
  object space 187392K, 92% used [0x00000000d0000000,0x00000000da9f3ad8,0x00000000db700000)
 Metaspace       used 103218K, capacity 107122K, committed 107264K, reserved 1144832K
  class space    used 10329K, capacity 11463K, committed 11520K, reserved 1048576K
Event: 2338.331 GC heap after
Heap after GC invocations=102 (full 4):
 PSYoungGen      total 124928K, used 5730K [0x00000000f0000000, 0x00000000f9080000, 0x0000000100000000)
  eden space 108032K, 0% used [0x00000000f0000000,0x00000000f0000000,0x00000000f6980000)
  from space 16896K, 33% used [0x00000000f8000000,0x00000000f8598b28,0x00000000f9080000)
  to   space 19968K, 0% used [0x00000000f6980000,0x00000000f6980000,0x00000000f7d00000)
 ParOldGen       total 187392K, used 174885K [0x00000000d0000000, 0x00000000db700000, 0x00000000f0000000)
  object space 187392K, 93% used [0x00000000d0000000,0x00000000daac95d0,0x00000000db700000)
 Metaspace       used 103218K, capacity 107122K, committed 107264K, reserved 1144832K
  class space    used 10329K, capacity 11463K, committed 11520K, reserved 1048576K
}

