# JRE version: Java(TM) SE Runtime Environment (8.0_25-b18) (build 1.8.0_25-b18)
# Java VM: Java HotSpot(TM) 64-Bit Server VM (25.25-b02 mixed mode windows-amd64 compressed oops)
Heap:
 PSYoungGen      total 142336K, used 38126K [0x00000000f5580000, 0x00000000fff80000, 0x0000000100000000)
  eden space 110080K, 17% used [0x00000000f5580000,0x00000000f6832170,0x00000000fc100000)
  from space 32256K, 58% used [0x00000000fc100000,0x00000000fd389a68,0x00000000fe080000)
  to   space 31744K, 0% used [0x00000000fe080000,0x00000000fe080000,0x00000000fff80000)
 ParOldGen       total 232448K, used 144663K [0x00000000e0000000, 0x00000000ee300000, 0x00000000f5580000)
  object space 232448K, 62% used [0x00000000e0000000,0x00000000e8d45cd0,0x00000000ee300000)
 Metaspace       used 80886K, capacity 83966K, committed 84096K, reserved 1124352K
  class space    used 8996K, capacity 9829K, committed 9856K, reserved 1048576K
GC Heap History (10 events):
Event: 140.912 GC heap before
{Heap before GC invocations=95 (full 6):
 PSYoungGen      total 142848K, used 129932K [0x00000000f5580000, 0x00000000fff80000, 0x0000000100000000)
  eden space 112128K, 100% used [0x00000000f5580000,0x00000000fc300000,0x00000000fc300000)
  from space 30720K, 57% used [0x00000000fe100000,0x00000000ff263000,0x00000000fff00000)
  to   space 30720K, 0% used [0x00000000fc300000,0x00000000fc300000,0x00000000fe100000)
 ParOldGen       total 232448K, used 143559K [0x00000000e0000000, 0x00000000ee300000, 0x00000000f5580000)
  object space 232448K, 61% used [0x00000000e0000000,0x00000000e8c31cd0,0x00000000ee300000)
 Metaspace       used 78050K, capacity 80554K, committed 80768K, reserved 1120256K
  class space    used 8739K, capacity 9525K, committed 9600K, reserved 1048576K
Event: 140.990 GC heap after
Heap after GC invocations=95 (full 6):
 PSYoungGen      total 142848K, used 17461K [0x00000000f5580000, 0x0000000100000000, 0x0000000100000000)
  eden space 112128K, 0% used [0x00000000f5580000,0x00000000f5580000,0x00000000fc300000)
  from space 30720K, 56% used [0x00000000fc300000,0x00000000fd40d780,0x00000000fe100000)
  to   space 30720K, 0% used [0x00000000fe200000,0x00000000fe200000,0x0000000100000000)
 ParOldGen       total 232448K, used 143559K [0x00000000e0000000, 0x00000000ee300000, 0x00000000f5580000)
  object space 232448K, 61% used [0x00000000e0000000,0x00000000e8c31cd0,0x00000000ee300000)
 Metaspace       used 78050K, capacity 80554K, committed 80768K, reserved 1120256K
  class space    used 8739K, capacity 9525K, committed 9600K, reserved 1048576K
}
Event: 244.637 GC heap before
{Heap before GC invocations=96 (full 6):
 PSYoungGen      total 142848K, used 129589K [0x00000000f5580000, 0x0000000100000000, 0x0000000100000000)
  eden space 112128K, 100% used [0x00000000f5580000,0x00000000fc300000,0x00000000fc300000)
  from space 30720K, 56% used [0x00000000fc300000,0x00000000fd40d780,0x00000000fe100000)
  to   space 30720K, 0% used [0x00000000fe200000,0x00000000fe200000,0x0000000100000000)
 ParOldGen       total 232448K, used 143559K [0x00000000e0000000, 0x00000000ee300000, 0x00000000f5580000)
  object space 232448K, 61% used [0x00000000e0000000,0x00000000e8c31cd0,0x00000000ee300000)
 Metaspace       used 79041K, capacity 81700K, committed 81920K, reserved 1122304K
  class space    used 8803K, capacity 9606K, committed 9728K, reserved 1048576K
Event: 244.893 GC heap after
Heap after GC invocations=96 (full 6):
 PSYoungGen      total 143872K, used 18544K [0x00000000f5580000, 0x0000000100000000, 0x0000000100000000)
  eden space 113152K, 0% used [0x00000000f5580000,0x00000000f5580000,0x00000000fc400000)
  from space 30720K, 60% used [0x00000000fe200000,0x00000000ff41c0b0,0x0000000100000000)
  to   space 30720K, 0% used [0x00000000fc400000,0x00000000fc400000,0x00000000fe200000)
 ParOldGen       total 232448K, used 143567K [0x00000000e0000000, 0x00000000ee300000, 0x00000000f5580000)
  object space 232448K, 61% used [0x00000000e0000000,0x00000000e8c33cd0,0x00000000ee300000)
 Metaspace       used 79041K, capacity 81700K, committed 81920K, reserved 1122304K
  class space    used 8803K, capacity 9606K, committed 9728K, reserved 1048576K
}
Event: 277.043 GC heap before
{Heap before GC invocations=97 (full 6):
 PSYoungGen      total 143872K, used 131602K [0x00000000f5580000, 0x0000000100000000, 0x0000000100000000)
  eden space 113152K, 99% used [0x00000000f5580000,0x00000000fc3e8758,0x00000000fc400000)
  from space 30720K, 60% used [0x00000000fe200000,0x00000000ff41c0b0,0x0000000100000000)
  to   space 30720K, 0% used [0x00000000fc400000,0x00000000fc400000,0x00000000fe200000)
 ParOldGen       total 232448K, used 143567K [0x00000000e0000000, 0x00000000ee300000, 0x00000000f5580000)
  object space 232448K, 61% used [0x00000000e0000000,0x00000000e8c33cd0,0x00000000ee300000)
 Metaspace       used 79436K, capacity 82120K, committed 82432K, reserved 1122304K
  class space    used 8837K, capacity 9664K, committed 9728K, reserved 1048576K
Event: 277.092 GC heap after
Heap after GC invocations=97 (full 6):
 PSYoungGen      total 134144K, used 20500K [0x00000000f5580000, 0x0000000100000000, 0x0000000100000000)
  eden space 113152K, 0% used [0x00000000f5580000,0x00000000f5580000,0x00000000fc400000)
  from space 20992K, 97% used [0x00000000fc400000,0x00000000fd805240,0x00000000fd880000)
  to   space 31744K, 0% used [0x00000000fe100000,0x00000000fe100000,0x0000000100000000)
 ParOldGen       total 232448K, used 143575K [0x00000000e0000000, 0x00000000ee300000, 0x00000000f5580000)
  object space 232448K, 61% used [0x00000000e0000000,0x00000000e8c35cd0,0x00000000ee300000)
 Metaspace       used 79436K, capacity 82120K, committed 82432K, reserved 1122304K
  class space    used 8837K, capacity 9664K, committed 9728K, reserved 1048576K
}
Event: 308.673 GC heap before
{Heap before GC invocations=98 (full 6):
 PSYoungGen      total 134144K, used 133652K [0x00000000f5580000, 0x0000000100000000, 0x0000000100000000)
  eden space 113152K, 100% used [0x00000000f5580000,0x00000000fc400000,0x00000000fc400000)
  from space 20992K, 97% used [0x00000000fc400000,0x00000000fd805240,0x00000000fd880000)
  to   space 31744K, 0% used [0x00000000fe100000,0x00000000fe100000,0x0000000100000000)
 ParOldGen       total 232448K, used 143575K [0x00000000e0000000, 0x00000000ee300000, 0x00000000f5580000)
  object space 232448K, 61% used [0x00000000e0000000,0x00000000e8c35cd0,0x00000000ee300000)
 Metaspace       used 79599K, capacity 82336K, committed 82432K, reserved 1122304K
  class space    used 8841K, capacity 9669K, committed 9728K, reserved 1048576K
Event: 308.738 GC heap after
Heap after GC invocations=98 (full 6):
 PSYoungGen      total 141824K, used 20127K [0x00000000f5580000, 0x0000000100000000, 0x0000000100000000)
  eden space 110080K, 0% used [0x00000000f5580000,0x00000000f5580000,0x00000000fc100000)
  from space 31744K, 63% used [0x00000000fe100000,0x00000000ff4a7f70,0x0000000100000000)
  to   space 32256K, 0% used [0x00000000fc100000,0x00000000fc100000,0x00000000fe080000)
 ParOldGen       total 232448K, used 144279K [0x00000000e0000000, 0x00000000ee300000, 0x00000000f5580000)
  object space 232448K, 62% used [0x00000000e0000000,0x00000000e8ce5cd0,0x00000000ee300000)
 Metaspace       used 79599K, capacity 82336K, committed 82432K, reserved 1122304K
  class space    used 8841K, capacity 9669K, committed 9728K, reserved 1048576K
}
Event: 351.462 GC heap before
{Heap before GC invocations=99 (full 6):
 PSYoungGen      total 141824K, used 130207K [0x00000000f5580000, 0x0000000100000000, 0x0000000100000000)
  eden space 110080K, 100% used [0x00000000f5580000,0x00000000fc100000,0x00000000fc100000)
  from space 31744K, 63% used [0x00000000fe100000,0x00000000ff4a7f70,0x0000000100000000)
  to   space 32256K, 0% used [0x00000000fc100000,0x00000000fc100000,0x00000000fe080000)
 ParOldGen       total 232448K, used 144279K [0x00000000e0000000, 0x00000000ee300000, 0x00000000f5580000)
  object space 232448K, 62% used [0x00000000e0000000,0x00000000e8ce5cd0,0x00000000ee300000)
 Metaspace       used 80117K, capacity 82844K, committed 82944K, reserved 1122304K
  class space    used 8884K, capacity 9694K, committed 9728K, reserved 1048576K
Event: 351.490 GC heap after
Heap after GC invocations=99 (full 6):
 PSYoungGen      total 142336K, used 18982K [0x00000000f5580000, 0x00000000fff80000, 0x0000000100000000)
  eden space 110080K, 0% used [0x00000000f5580000,0x00000000f5580000,0x00000000fc100000)
  from space 32256K, 58% used [0x00000000fc100000,0x00000000fd389a68,0x00000000fe080000)
  to   space 31744K, 0% used [0x00000000fe080000,0x00000000fe080000,0x00000000fff80000)
 ParOldGen       total 232448K, used 144663K [0x00000000e0000000, 0x00000000ee300000, 0x00000000f5580000)
  object space 232448K, 62% used [0x00000000e0000000,0x00000000e8d45cd0,0x00000000ee300000)
 Metaspace       used 80117K, capacity 82844K, committed 82944K, reserved 1122304K
  class space    used 8884K, capacity 9694K, committed 9728K, reserved 1048576K
}

