# JRE version: Java(TM) SE Runtime Environment (8.0_25-b18) (build 1.8.0_25-b18)
# Java VM: Java HotSpot(TM) 64-Bit Server VM (25.25-b02 mixed mode windows-amd64 compressed oops)
Heap:
 PSYoungGen      total 206848K, used 110208K [0x00000000f0000000, 0x0000000100000000, 0x0000000100000000)
  eden space 154624K, 62% used [0x00000000f0000000,0x00000000f5e4ed10,0x00000000f9700000)
  from space 52224K, 26% used [0x00000000f9700000,0x00000000fa4515c8,0x00000000fca00000)
  to   space 53248K, 0% used [0x00000000fcc00000,0x00000000fcc00000,0x0000000100000000)
 ParOldGen       total 181248K, used 151541K [0x00000000d0000000, 0x00000000db100000, 0x00000000f0000000)
  object space 181248K, 83% used [0x00000000d0000000,0x00000000d93fd508,0x00000000db100000)
 Metaspace       used 89090K, capacity 92586K, committed 92928K, reserved 1132544K
  class space    used 9635K, capacity 10645K, committed 10752K, reserved 1048576K
GC Heap History (10 events):
Event: 1894.265 GC heap before
{Heap before GC invocations=71 (full 4):
 PSYoungGen      total 200704K, used 174708K [0x00000000f0000000, 0x0000000100000000, 0x0000000100000000)
  eden space 143360K, 100% used [0x00000000f0000000,0x00000000f8c00000,0x00000000f8c00000)
  from space 57344K, 54% used [0x00000000fc200000,0x00000000fe09d070,0x00000000ffa00000)
  to   space 55296K, 0% used [0x00000000f8c00000,0x00000000f8c00000,0x00000000fc200000)
 ParOldGen       total 181248K, used 133857K [0x00000000d0000000, 0x00000000db100000, 0x00000000f0000000)
  object space 181248K, 73% used [0x00000000d0000000,0x00000000d82b86c0,0x00000000db100000)
 Metaspace       used 86389K, capacity 89432K, committed 89728K, reserved 1128448K
  class space    used 9404K, capacity 10324K, committed 10368K, reserved 1048576K
Event: 1894.334 GC heap after
Heap after GC invocations=71 (full 4):
 PSYoungGen      total 198656K, used 28424K [0x00000000f0000000, 0x00000000ffc00000, 0x0000000100000000)
  eden space 143360K, 0% used [0x00000000f0000000,0x00000000f0000000,0x00000000f8c00000)
  from space 55296K, 51% used [0x00000000f8c00000,0x00000000fa7c2018,0x00000000fc200000)
  to   space 54272K, 0% used [0x00000000fc700000,0x00000000fc700000,0x00000000ffc00000)
 ParOldGen       total 181248K, used 135950K [0x00000000d0000000, 0x00000000db100000, 0x00000000f0000000)
  object space 181248K, 75% used [0x00000000d0000000,0x00000000d84c3bb8,0x00000000db100000)
 Metaspace       used 86389K, capacity 89432K, committed 89728K, reserved 1128448K
  class space    used 9404K, capacity 10324K, committed 10368K, reserved 1048576K
}
Event: 1979.547 GC heap before
{Heap before GC invocations=72 (full 4):
 PSYoungGen      total 198656K, used 171784K [0x00000000f0000000, 0x00000000ffc00000, 0x0000000100000000)
  eden space 143360K, 100% used [0x00000000f0000000,0x00000000f8c00000,0x00000000f8c00000)
  from space 55296K, 51% used [0x00000000f8c00000,0x00000000fa7c2018,0x00000000fc200000)
  to   space 54272K, 0% used [0x00000000fc700000,0x00000000fc700000,0x00000000ffc00000)
 ParOldGen       total 181248K, used 135950K [0x00000000d0000000, 0x00000000db100000, 0x00000000f0000000)
  object space 181248K, 75% used [0x00000000d0000000,0x00000000d84c3bb8,0x00000000db100000)
 Metaspace       used 86946K, capacity 89986K, committed 90240K, reserved 1128448K
  class space    used 9437K, capacity 10339K, committed 10368K, reserved 1048576K
Event: 1979.594 GC heap after
Heap after GC invocations=72 (full 4):
 PSYoungGen      total 204800K, used 28485K [0x00000000f0000000, 0x00000000ffd00000, 0x0000000100000000)
  eden space 150528K, 0% used [0x00000000f0000000,0x00000000f0000000,0x00000000f9300000)
  from space 54272K, 52% used [0x00000000fc700000,0x00000000fe2d1618,0x00000000ffc00000)
  to   space 53248K, 0% used [0x00000000f9300000,0x00000000f9300000,0x00000000fc700000)
 ParOldGen       total 181248K, used 138278K [0x00000000d0000000, 0x00000000db100000, 0x00000000f0000000)
  object space 181248K, 76% used [0x00000000d0000000,0x00000000d8709bf8,0x00000000db100000)
 Metaspace       used 86946K, capacity 89986K, committed 90240K, reserved 1128448K
  class space    used 9437K, capacity 10339K, committed 10368K, reserved 1048576K
}
Event: 1980.833 GC heap before
{Heap before GC invocations=73 (full 4):
 PSYoungGen      total 204800K, used 179013K [0x00000000f0000000, 0x00000000ffd00000, 0x0000000100000000)
  eden space 150528K, 100% used [0x00000000f0000000,0x00000000f9300000,0x00000000f9300000)
  from space 54272K, 52% used [0x00000000fc700000,0x00000000fe2d1618,0x00000000ffc00000)
  to   space 53248K, 0% used [0x00000000f9300000,0x00000000f9300000,0x00000000fc700000)
 ParOldGen       total 181248K, used 138278K [0x00000000d0000000, 0x00000000db100000, 0x00000000f0000000)
  object space 181248K, 76% used [0x00000000d0000000,0x00000000d8709bf8,0x00000000db100000)
 Metaspace       used 86958K, capacity 89986K, committed 90240K, reserved 1128448K
  class space    used 9437K, capacity 10339K, committed 10368K, reserved 1048576K
Event: 1980.873 GC heap after
Heap after GC invocations=73 (full 4):
 PSYoungGen      total 203776K, used 24454K [0x00000000f0000000, 0x00000000ffd00000, 0x0000000100000000)
  eden space 150528K, 0% used [0x00000000f0000000,0x00000000f0000000,0x00000000f9300000)
  from space 53248K, 45% used [0x00000000f9300000,0x00000000faae1b40,0x00000000fc700000)
  to   space 52224K, 0% used [0x00000000fca00000,0x00000000fca00000,0x00000000ffd00000)
 ParOldGen       total 181248K, used 141383K [0x00000000d0000000, 0x00000000db100000, 0x00000000f0000000)
  object space 181248K, 78% used [0x00000000d0000000,0x00000000d8a11f90,0x00000000db100000)
 Metaspace       used 86958K, capacity 89986K, committed 90240K, reserved 1128448K
  class space    used 9437K, capacity 10339K, committed 10368K, reserved 1048576K
}
Event: 2007.373 GC heap before
{Heap before GC invocations=74 (full 4):
 PSYoungGen      total 203776K, used 174982K [0x00000000f0000000, 0x00000000ffd00000, 0x0000000100000000)
  eden space 150528K, 100% used [0x00000000f0000000,0x00000000f9300000,0x00000000f9300000)
  from space 53248K, 45% used [0x00000000f9300000,0x00000000faae1b40,0x00000000fc700000)
  to   space 52224K, 0% used [0x00000000fca00000,0x00000000fca00000,0x00000000ffd00000)
 ParOldGen       total 181248K, used 141383K [0x00000000d0000000, 0x00000000db100000, 0x00000000f0000000)
  object space 181248K, 78% used [0x00000000d0000000,0x00000000d8a11f90,0x00000000db100000)
 Metaspace       used 87623K, capacity 90624K, committed 90880K, reserved 1130496K
  class space    used 9475K, capacity 10378K, committed 10496K, reserved 1048576K
Event: 2007.416 GC heap after
Heap after GC invocations=74 (full 4):
 PSYoungGen      total 206848K, used 19966K [0x00000000f0000000, 0x00000000fff00000, 0x0000000100000000)
  eden space 154624K, 0% used [0x00000000f0000000,0x00000000f0000000,0x00000000f9700000)
  from space 52224K, 38% used [0x00000000fca00000,0x00000000fdd7f8a0,0x00000000ffd00000)
  to   space 52224K, 0% used [0x00000000f9700000,0x00000000f9700000,0x00000000fca00000)
 ParOldGen       total 181248K, used 149136K [0x00000000d0000000, 0x00000000db100000, 0x00000000f0000000)
  object space 181248K, 82% used [0x00000000d0000000,0x00000000d91a4008,0x00000000db100000)
 Metaspace       used 87623K, capacity 90624K, committed 90880K, reserved 1130496K
  class space    used 9475K, capacity 10378K, committed 10496K, reserved 1048576K
}
Event: 2010.330 GC heap before
{Heap before GC invocations=75 (full 4):
 PSYoungGen      total 206848K, used 174590K [0x00000000f0000000, 0x00000000fff00000, 0x0000000100000000)
  eden space 154624K, 100% used [0x00000000f0000000,0x00000000f9700000,0x00000000f9700000)
  from space 52224K, 38% used [0x00000000fca00000,0x00000000fdd7f8a0,0x00000000ffd00000)
  to   space 52224K, 0% used [0x00000000f9700000,0x00000000f9700000,0x00000000fca00000)
 ParOldGen       total 181248K, used 149136K [0x00000000d0000000, 0x00000000db100000, 0x00000000f0000000)
  object space 181248K, 82% used [0x00000000d0000000,0x00000000d91a4008,0x00000000db100000)
 Metaspace       used 87708K, capacity 90816K, committed 91136K, reserved 1130496K
  class space    used 9480K, capacity 10378K, committed 10496K, reserved 1048576K
Event: 2010.382 GC heap after
Heap after GC invocations=75 (full 4):
 PSYoungGen      total 206848K, used 13637K [0x00000000f0000000, 0x0000000100000000, 0x0000000100000000)
  eden space 154624K, 0% used [0x00000000f0000000,0x00000000f0000000,0x00000000f9700000)
  from space 52224K, 26% used [0x00000000f9700000,0x00000000fa4515c8,0x00000000fca00000)
  to   space 53248K, 0% used [0x00000000fcc00000,0x00000000fcc00000,0x0000000100000000)
 ParOldGen       total 181248K, used 151541K [0x00000000d0000000, 0x00000000db100000, 0x00000000f0000000)
  object space 181248K, 83% used [0x00000000d0000000,0x00000000d93fd508,0x00000000db100000)
 Metaspace       used 87708K, capacity 90816K, committed 91136K, reserved 1130496K
  class space    used 9480K, capacity 10378K, committed 10496K, reserved 1048576K
}

