# JRE version: Java(TM) SE Runtime Environment (8.0_25-b18) (build 1.8.0_25-b18)
# Java VM: Java HotSpot(TM) 64-Bit Server VM (25.25-b02 mixed mode windows-amd64 compressed oops)
Heap:
 PSYoungGen      total 210944K, used 119032K [0x00000000f0000000, 0x00000000fff80000, 0x0000000100000000)
  eden space 168448K, 57% used [0x00000000f0000000,0x00000000f5e0dbb8,0x00000000fa480000)
  from space 42496K, 53% used [0x00000000fa480000,0x00000000fbab05e8,0x00000000fce00000)
  to   space 42496K, 0% used [0x00000000fd600000,0x00000000fd600000,0x00000000fff80000)
 ParOldGen       total 200192K, used 152194K [0x00000000d0000000, 0x00000000dc380000, 0x00000000f0000000)
  object space 200192K, 76% used [0x00000000d0000000,0x00000000d94a09c0,0x00000000dc380000)
 Metaspace       used 88833K, capacity 92190K, committed 92416K, reserved 1130496K
  class space    used 9727K, capacity 10741K, committed 10752K, reserved 1048576K
GC Heap History (10 events):
Event: 479.268 GC heap before
{Heap before GC invocations=60 (full 5):
 PSYoungGen      total 203776K, used 158252K [0x00000000f0000000, 0x00000000ffb80000, 0x0000000100000000)
  eden space 152064K, 100% used [0x00000000f0000000,0x00000000f9480000,0x00000000f9480000)
  from space 51712K, 11% used [0x00000000fc900000,0x00000000fcf0b018,0x00000000ffb80000)
  to   space 52736K, 0% used [0x00000000f9480000,0x00000000f9480000,0x00000000fc800000)
 ParOldGen       total 200192K, used 148961K [0x00000000d0000000, 0x00000000dc380000, 0x00000000f0000000)
  object space 200192K, 74% used [0x00000000d0000000,0x00000000d91785b8,0x00000000dc380000)
 Metaspace       used 80810K, capacity 83210K, committed 83456K, reserved 1122304K
  class space    used 8973K, capacity 9722K, committed 9728K, reserved 1048576K
Event: 479.341 GC heap after
Heap after GC invocations=60 (full 5):
 PSYoungGen      total 204800K, used 8401K [0x00000000f0000000, 0x00000000ffc00000, 0x0000000100000000)
  eden space 152064K, 0% used [0x00000000f0000000,0x00000000f0000000,0x00000000f9480000)
  from space 52736K, 15% used [0x00000000f9480000,0x00000000f9cb4720,0x00000000fc800000)
  to   space 50176K, 0% used [0x00000000fcb00000,0x00000000fcb00000,0x00000000ffc00000)
 ParOldGen       total 200192K, used 152162K [0x00000000d0000000, 0x00000000dc380000, 0x00000000f0000000)
  object space 200192K, 76% used [0x00000000d0000000,0x00000000d94989c0,0x00000000dc380000)
 Metaspace       used 80810K, capacity 83210K, committed 83456K, reserved 1122304K
  class space    used 8973K, capacity 9722K, committed 9728K, reserved 1048576K
}
Event: 483.961 GC heap before
{Heap before GC invocations=61 (full 5):
 PSYoungGen      total 204800K, used 160465K [0x00000000f0000000, 0x00000000ffc00000, 0x0000000100000000)
  eden space 152064K, 100% used [0x00000000f0000000,0x00000000f9480000,0x00000000f9480000)
  from space 52736K, 15% used [0x00000000f9480000,0x00000000f9cb4720,0x00000000fc800000)
  to   space 50176K, 0% used [0x00000000fcb00000,0x00000000fcb00000,0x00000000ffc00000)
 ParOldGen       total 200192K, used 152162K [0x00000000d0000000, 0x00000000dc380000, 0x00000000f0000000)
  object space 200192K, 76% used [0x00000000d0000000,0x00000000d94989c0,0x00000000dc380000)
 Metaspace       used 82299K, capacity 84786K, committed 84864K, reserved 1124352K
  class space    used 9042K, capacity 9830K, committed 9856K, reserved 1048576K
Event: 484.008 GC heap after
Heap after GC invocations=61 (full 5):
 PSYoungGen      total 205824K, used 11006K [0x00000000f0000000, 0x00000000ff880000, 0x0000000100000000)
  eden space 159232K, 0% used [0x00000000f0000000,0x00000000f0000000,0x00000000f9b80000)
  from space 46592K, 23% used [0x00000000fcb00000,0x00000000fd5bf880,0x00000000ff880000)
  to   space 47616K, 0% used [0x00000000f9b80000,0x00000000f9b80000,0x00000000fca00000)
 ParOldGen       total 200192K, used 152170K [0x00000000d0000000, 0x00000000dc380000, 0x00000000f0000000)
  object space 200192K, 76% used [0x00000000d0000000,0x00000000d949a9c0,0x00000000dc380000)
 Metaspace       used 82299K, capacity 84786K, committed 84864K, reserved 1124352K
  class space    used 9042K, capacity 9830K, committed 9856K, reserved 1048576K
}
Event: 488.547 GC heap before
{Heap before GC invocations=62 (full 5):
 PSYoungGen      total 205824K, used 170209K [0x00000000f0000000, 0x00000000ff880000, 0x0000000100000000)
  eden space 159232K, 99% used [0x00000000f0000000,0x00000000f9b78c50,0x00000000f9b80000)
  from space 46592K, 23% used [0x00000000fcb00000,0x00000000fd5bf880,0x00000000ff880000)
  to   space 47616K, 0% used [0x00000000f9b80000,0x00000000f9b80000,0x00000000fca00000)
 ParOldGen       total 200192K, used 152170K [0x00000000d0000000, 0x00000000dc380000, 0x00000000f0000000)
  object space 200192K, 76% used [0x00000000d0000000,0x00000000d949a9c0,0x00000000dc380000)
 Metaspace       used 83842K, capacity 86396K, committed 86528K, reserved 1126400K
  class space    used 9156K, capacity 9964K, committed 9984K, reserved 1048576K
Event: 488.576 GC heap after
Heap after GC invocations=62 (full 5):
 PSYoungGen      total 206848K, used 13400K [0x00000000f0000000, 0x00000000ffb00000, 0x0000000100000000)
  eden space 159232K, 0% used [0x00000000f0000000,0x00000000f0000000,0x00000000f9b80000)
  from space 47616K, 28% used [0x00000000f9b80000,0x00000000fa896038,0x00000000fca00000)
  to   space 44544K, 0% used [0x00000000fcf80000,0x00000000fcf80000,0x00000000ffb00000)
 ParOldGen       total 200192K, used 152178K [0x00000000d0000000, 0x00000000dc380000, 0x00000000f0000000)
  object space 200192K, 76% used [0x00000000d0000000,0x00000000d949c9c0,0x00000000dc380000)
 Metaspace       used 83842K, capacity 86396K, committed 86528K, reserved 1126400K
  class space    used 9156K, capacity 9964K, committed 9984K, reserved 1048576K
}
Event: 510.255 GC heap before
{Heap before GC invocations=63 (full 5):
 PSYoungGen      total 206848K, used 172632K [0x00000000f0000000, 0x00000000ffb00000, 0x0000000100000000)
  eden space 159232K, 100% used [0x00000000f0000000,0x00000000f9b80000,0x00000000f9b80000)
  from space 47616K, 28% used [0x00000000f9b80000,0x00000000fa896038,0x00000000fca00000)
  to   space 44544K, 0% used [0x00000000fcf80000,0x00000000fcf80000,0x00000000ffb00000)
 ParOldGen       total 200192K, used 152178K [0x00000000d0000000, 0x00000000dc380000, 0x00000000f0000000)
  object space 200192K, 76% used [0x00000000d0000000,0x00000000d949c9c0,0x00000000dc380000)
 Metaspace       used 84996K, capacity 87592K, committed 87680K, reserved 1126400K
  class space    used 9300K, capacity 10107K, committed 10112K, reserved 1048576K
Event: 510.282 GC heap after
Heap after GC invocations=63 (full 5):
 PSYoungGen      total 209408K, used 16546K [0x00000000f0000000, 0x00000000ff780000, 0x0000000100000000)
  eden space 168448K, 0% used [0x00000000f0000000,0x00000000f0000000,0x00000000fa480000)
  from space 40960K, 40% used [0x00000000fcf80000,0x00000000fdfa8858,0x00000000ff780000)
  to   space 42496K, 0% used [0x00000000fa480000,0x00000000fa480000,0x00000000fce00000)
 ParOldGen       total 200192K, used 152186K [0x00000000d0000000, 0x00000000dc380000, 0x00000000f0000000)
  object space 200192K, 76% used [0x00000000d0000000,0x00000000d949e9c0,0x00000000dc380000)
 Metaspace       used 84996K, capacity 87592K, committed 87680K, reserved 1126400K
  class space    used 9300K, capacity 10107K, committed 10112K, reserved 1048576K
}
Event: 536.801 GC heap before
{Heap before GC invocations=64 (full 5):
 PSYoungGen      total 209408K, used 178390K [0x00000000f0000000, 0x00000000ff780000, 0x0000000100000000)
  eden space 168448K, 96% used [0x00000000f0000000,0x00000000f9e0d338,0x00000000fa480000)
  from space 40960K, 40% used [0x00000000fcf80000,0x00000000fdfa8858,0x00000000ff780000)
  to   space 42496K, 0% used [0x00000000fa480000,0x00000000fa480000,0x00000000fce00000)
 ParOldGen       total 200192K, used 152186K [0x00000000d0000000, 0x00000000dc380000, 0x00000000f0000000)
  object space 200192K, 76% used [0x00000000d0000000,0x00000000d949e9c0,0x00000000dc380000)
 Metaspace       used 87313K, capacity 90066K, committed 90368K, reserved 1128448K
  class space    used 9551K, capacity 10437K, committed 10496K, reserved 1048576K
Event: 536.834 GC heap after
Heap after GC invocations=64 (full 5):
 PSYoungGen      total 210944K, used 22721K [0x00000000f0000000, 0x00000000fff80000, 0x0000000100000000)
  eden space 168448K, 0% used [0x00000000f0000000,0x00000000f0000000,0x00000000fa480000)
  from space 42496K, 53% used [0x00000000fa480000,0x00000000fbab05e8,0x00000000fce00000)
  to   space 42496K, 0% used [0x00000000fd600000,0x00000000fd600000,0x00000000fff80000)
 ParOldGen       total 200192K, used 152194K [0x00000000d0000000, 0x00000000dc380000, 0x00000000f0000000)
  object space 200192K, 76% used [0x00000000d0000000,0x00000000d94a09c0,0x00000000dc380000)
 Metaspace       used 87313K, capacity 90066K, committed 90368K, reserved 1128448K
  class space    used 9551K, capacity 10437K, committed 10496K, reserved 1048576K
}

