# JRE version: Java(TM) SE Runtime Environment (8.0_25-b18) (build 1.8.0_25-b18)
# Java VM: Java HotSpot(TM) 64-Bit Server VM (25.25-b02 mixed mode windows-amd64 compressed oops)
Heap:
 PSYoungGen      total 138240K, used 122016K [0x00000000f0000000, 0x00000000faa80000, 0x0000000100000000)
  eden space 104960K, 98% used [0x00000000f0000000,0x00000000f656ff20,0x00000000f6680000)
  from space 33280K, 54% used [0x00000000f6680000,0x00000000f7838260,0x00000000f8700000)
  to   space 32768K, 0% used [0x00000000f8a80000,0x00000000f8a80000,0x00000000faa80000)
 ParOldGen       total 195072K, used 144654K [0x00000000d0000000, 0x00000000dbe80000, 0x00000000f0000000)
  object space 195072K, 74% used [0x00000000d0000000,0x00000000d8d43bd8,0x00000000dbe80000)
 Metaspace       used 89111K, capacity 93118K, committed 93184K, reserved 1132544K
  class space    used 9790K, capacity 10992K, committed 11008K, reserved 1048576K
GC Heap History (10 events):
Event: 3852.612 GC heap before
{Heap before GC invocations=73 (full 4):
 PSYoungGen      total 150016K, used 136845K [0x00000000f0000000, 0x00000000fbb00000, 0x0000000100000000)
  eden space 117760K, 100% used [0x00000000f0000000,0x00000000f7300000,0x00000000f7300000)
  from space 32256K, 59% used [0x00000000f9b80000,0x00000000fae23708,0x00000000fbb00000)
  to   space 36864K, 0% used [0x00000000f7300000,0x00000000f7300000,0x00000000f9700000)
 ParOldGen       total 195072K, used 140645K [0x00000000d0000000, 0x00000000dbe80000, 0x00000000f0000000)
  object space 195072K, 72% used [0x00000000d0000000,0x00000000d8959520,0x00000000dbe80000)
 Metaspace       used 87039K, capacity 90732K, committed 90880K, reserved 1130496K
  class space    used 9600K, capacity 10724K, committed 10752K, reserved 1048576K
Event: 3852.663 GC heap after
Heap after GC invocations=73 (full 4):
 PSYoungGen      total 133632K, used 19248K [0x00000000f0000000, 0x00000000fb580000, 0x0000000100000000)
  eden space 114176K, 0% used [0x00000000f0000000,0x00000000f0000000,0x00000000f6f80000)
  from space 19456K, 98% used [0x00000000f7300000,0x00000000f85cc1f0,0x00000000f8600000)
  to   space 35840K, 0% used [0x00000000f9280000,0x00000000f9280000,0x00000000fb580000)
 ParOldGen       total 195072K, used 141397K [0x00000000d0000000, 0x00000000dbe80000, 0x00000000f0000000)
  object space 195072K, 72% used [0x00000000d0000000,0x00000000d8a15580,0x00000000dbe80000)
 Metaspace       used 87039K, capacity 90732K, committed 90880K, reserved 1130496K
  class space    used 9600K, capacity 10724K, committed 10752K, reserved 1048576K
}
Event: 3857.680 GC heap before
{Heap before GC invocations=74 (full 4):
 PSYoungGen      total 133632K, used 133424K [0x00000000f0000000, 0x00000000fb580000, 0x0000000100000000)
  eden space 114176K, 100% used [0x00000000f0000000,0x00000000f6f80000,0x00000000f6f80000)
  from space 19456K, 98% used [0x00000000f7300000,0x00000000f85cc1f0,0x00000000f8600000)
  to   space 35840K, 0% used [0x00000000f9280000,0x00000000f9280000,0x00000000fb580000)
 ParOldGen       total 195072K, used 141397K [0x00000000d0000000, 0x00000000dbe80000, 0x00000000f0000000)
  object space 195072K, 72% used [0x00000000d0000000,0x00000000d8a15580,0x00000000dbe80000)
 Metaspace       used 87102K, capacity 90796K, committed 90880K, reserved 1130496K
  class space    used 9602K, capacity 10724K, committed 10752K, reserved 1048576K
Event: 3857.760 GC heap after
Heap after GC invocations=74 (full 4):
 PSYoungGen      total 141824K, used 19242K [0x00000000f0000000, 0x00000000fb080000, 0x0000000100000000)
  eden space 111104K, 0% used [0x00000000f0000000,0x00000000f0000000,0x00000000f6c80000)
  from space 30720K, 62% used [0x00000000f9280000,0x00000000fa54a878,0x00000000fb080000)
  to   space 34816K, 0% used [0x00000000f6c80000,0x00000000f6c80000,0x00000000f8e80000)
 ParOldGen       total 195072K, used 142702K [0x00000000d0000000, 0x00000000dbe80000, 0x00000000f0000000)
  object space 195072K, 73% used [0x00000000d0000000,0x00000000d8b5bac8,0x00000000dbe80000)
 Metaspace       used 87102K, capacity 90796K, committed 90880K, reserved 1130496K
  class space    used 9602K, capacity 10724K, committed 10752K, reserved 1048576K
}
Event: 3875.625 GC heap before
{Heap before GC invocations=75 (full 4):
 PSYoungGen      total 141824K, used 130346K [0x00000000f0000000, 0x00000000fb080000, 0x0000000100000000)
  eden space 111104K, 100% used [0x00000000f0000000,0x00000000f6c80000,0x00000000f6c80000)
  from space 30720K, 62% used [0x00000000f9280000,0x00000000fa54a878,0x00000000fb080000)
  to   space 34816K, 0% used [0x00000000f6c80000,0x00000000f6c80000,0x00000000f8e80000)
 ParOldGen       total 195072K, used 142702K [0x00000000d0000000, 0x00000000dbe80000, 0x00000000f0000000)
  object space 195072K, 73% used [0x00000000d0000000,0x00000000d8b5bac8,0x00000000dbe80000)
 Metaspace       used 87206K, capacity 90860K, committed 91136K, reserved 1130496K
  class space    used 9611K, capacity 10724K, committed 10752K, reserved 1048576K
Event: 3875.788 GC heap after
Heap after GC invocations=75 (full 4):
 PSYoungGen      total 128000K, used 19660K [0x00000000f0000000, 0x00000000fab80000, 0x0000000100000000)
  eden space 108032K, 0% used [0x00000000f0000000,0x00000000f0000000,0x00000000f6980000)
  from space 19968K, 98% used [0x00000000f6c80000,0x00000000f7fb3218,0x00000000f8000000)
  to   space 33792K, 0% used [0x00000000f8a80000,0x00000000f8a80000,0x00000000fab80000)
 ParOldGen       total 195072K, used 143326K [0x00000000d0000000, 0x00000000dbe80000, 0x00000000f0000000)
  object space 195072K, 73% used [0x00000000d0000000,0x00000000d8bf7b08,0x00000000dbe80000)
 Metaspace       used 87206K, capacity 90860K, committed 91136K, reserved 1130496K
  class space    used 9611K, capacity 10724K, committed 10752K, reserved 1048576K
}
Event: 3877.552 GC heap before
{Heap before GC invocations=76 (full 4):
 PSYoungGen      total 128000K, used 127692K [0x00000000f0000000, 0x00000000fab80000, 0x0000000100000000)
  eden space 108032K, 100% used [0x00000000f0000000,0x00000000f6980000,0x00000000f6980000)
  from space 19968K, 98% used [0x00000000f6c80000,0x00000000f7fb3218,0x00000000f8000000)
  to   space 33792K, 0% used [0x00000000f8a80000,0x00000000f8a80000,0x00000000fab80000)
 ParOldGen       total 195072K, used 143326K [0x00000000d0000000, 0x00000000dbe80000, 0x00000000f0000000)
  object space 195072K, 73% used [0x00000000d0000000,0x00000000d8bf7b08,0x00000000dbe80000)
 Metaspace       used 87221K, capacity 90860K, committed 91136K, reserved 1130496K
  class space    used 9614K, capacity 10724K, committed 10752K, reserved 1048576K
Event: 3877.583 GC heap after
Heap after GC invocations=76 (full 4):
 PSYoungGen      total 134656K, used 16351K [0x00000000f0000000, 0x00000000fa780000, 0x0000000100000000)
  eden space 104960K, 0% used [0x00000000f0000000,0x00000000f0000000,0x00000000f6680000)
  from space 29696K, 55% used [0x00000000f8a80000,0x00000000f9a77f70,0x00000000fa780000)
  to   space 33280K, 0% used [0x00000000f6680000,0x00000000f6680000,0x00000000f8700000)
 ParOldGen       total 195072K, used 143894K [0x00000000d0000000, 0x00000000dbe80000, 0x00000000f0000000)
  object space 195072K, 73% used [0x00000000d0000000,0x00000000d8c85b48,0x00000000dbe80000)
 Metaspace       used 87221K, capacity 90860K, committed 91136K, reserved 1130496K
  class space    used 9614K, capacity 10724K, committed 10752K, reserved 1048576K
}
Event: 3880.048 GC heap before
{Heap before GC invocations=77 (full 4):
 PSYoungGen      total 134656K, used 121311K [0x00000000f0000000, 0x00000000fa780000, 0x0000000100000000)
  eden space 104960K, 100% used [0x00000000f0000000,0x00000000f6680000,0x00000000f6680000)
  from space 29696K, 55% used [0x00000000f8a80000,0x00000000f9a77f70,0x00000000fa780000)
  to   space 33280K, 0% used [0x00000000f6680000,0x00000000f6680000,0x00000000f8700000)
 ParOldGen       total 195072K, used 143894K [0x00000000d0000000, 0x00000000dbe80000, 0x00000000f0000000)
  object space 195072K, 73% used [0x00000000d0000000,0x00000000d8c85b48,0x00000000dbe80000)
 Metaspace       used 87733K, capacity 91428K, committed 91776K, reserved 1130496K
  class space    used 9649K, capacity 10764K, committed 10880K, reserved 1048576K
Event: 3880.129 GC heap after
Heap after GC invocations=77 (full 4):
 PSYoungGen      total 138240K, used 18144K [0x00000000f0000000, 0x00000000faa80000, 0x0000000100000000)
  eden space 104960K, 0% used [0x00000000f0000000,0x00000000f0000000,0x00000000f6680000)
  from space 33280K, 54% used [0x00000000f6680000,0x00000000f7838260,0x00000000f8700000)
  to   space 32768K, 0% used [0x00000000f8a80000,0x00000000f8a80000,0x00000000faa80000)
 ParOldGen       total 195072K, used 144654K [0x00000000d0000000, 0x00000000dbe80000, 0x00000000f0000000)
  object space 195072K, 74% used [0x00000000d0000000,0x00000000d8d43bd8,0x00000000dbe80000)
 Metaspace       used 87733K, capacity 91428K, committed 91776K, reserved 1130496K
  class space    used 9649K, capacity 10764K, committed 10880K, reserved 1048576K
}

